{"/Users/seandaryanani/bootcamp/collab/skylab-bootcamp-201809/staff/sean-daryanani/final-project/api/logic/index.spec.js":{"path":"/Users/seandaryanani/bootcamp/collab/skylab-bootcamp-201809/staff/sean-daryanani/final-project/api/logic/index.spec.js","statementMap":{"0":{"start":{"line":2,"column":71},"end":{"line":2,"column":86}},"1":{"start":{"line":3,"column":14},"end":{"line":3,"column":26}},"2":{"start":{"line":4,"column":11},"end":{"line":4,"column":24}},"3":{"start":{"line":5,"column":69},"end":{"line":5,"column":89}},"4":{"start":{"line":6,"column":19},"end":{"line":6,"column":34}},"5":{"start":{"line":7,"column":18},"end":{"line":7,"column":60}},"6":{"start":{"line":10,"column":0},"end":{"line":2191,"column":2}},"7":{"start":{"line":11,"column":4},"end":{"line":11,"column":94}},"8":{"start":{"line":11,"column":17},"end":{"line":11,"column":93}},"9":{"start":{"line":13,"column":4},"end":{"line":13,"column":125}},"10":{"start":{"line":13,"column":21},"end":{"line":13,"column":124}},"11":{"start":{"line":15,"column":4},"end":{"line":1345,"column":6}},"12":{"start":{"line":16,"column":8},"end":{"line":101,"column":10}},"13":{"start":{"line":19,"column":12},"end":{"line":24,"column":14}},"14":{"start":{"line":20,"column":16},"end":{"line":20,"column":46}},"15":{"start":{"line":21,"column":16},"end":{"line":21,"column":58}},"16":{"start":{"line":22,"column":16},"end":{"line":22,"column":54}},"17":{"start":{"line":23,"column":16},"end":{"line":23,"column":54}},"18":{"start":{"line":26,"column":12},"end":{"line":45,"column":14}},"19":{"start":{"line":27,"column":28},"end":{"line":27,"column":85}},"20":{"start":{"line":29,"column":16},"end":{"line":29,"column":43}},"21":{"start":{"line":31,"column":30},"end":{"line":31,"column":47}},"22":{"start":{"line":33,"column":16},"end":{"line":33,"column":48}},"23":{"start":{"line":35,"column":31},"end":{"line":35,"column":36}},"24":{"start":{"line":37,"column":16},"end":{"line":37,"column":49}},"25":{"start":{"line":38,"column":16},"end":{"line":38,"column":48}},"26":{"start":{"line":39,"column":16},"end":{"line":39,"column":50}},"27":{"start":{"line":40,"column":16},"end":{"line":40,"column":56}},"28":{"start":{"line":41,"column":16},"end":{"line":41,"column":56}},"29":{"start":{"line":42,"column":16},"end":{"line":42,"column":57}},"30":{"start":{"line":43,"column":16},"end":{"line":43,"column":78}},"31":{"start":{"line":44,"column":16},"end":{"line":44,"column":59}},"32":{"start":{"line":47,"column":12},"end":{"line":49,"column":14}},"33":{"start":{"line":48,"column":16},"end":{"line":48,"column":135}},"34":{"start":{"line":48,"column":29},"end":{"line":48,"column":85}},"35":{"start":{"line":51,"column":12},"end":{"line":53,"column":14}},"36":{"start":{"line":52,"column":16},"end":{"line":52,"column":126}},"37":{"start":{"line":52,"column":29},"end":{"line":52,"column":78}},"38":{"start":{"line":55,"column":12},"end":{"line":57,"column":14}},"39":{"start":{"line":56,"column":16},"end":{"line":56,"column":133}},"40":{"start":{"line":56,"column":29},"end":{"line":56,"column":85}},"41":{"start":{"line":59,"column":12},"end":{"line":61,"column":14}},"42":{"start":{"line":60,"column":16},"end":{"line":60,"column":126}},"43":{"start":{"line":60,"column":29},"end":{"line":60,"column":77}},"44":{"start":{"line":63,"column":12},"end":{"line":65,"column":14}},"45":{"start":{"line":64,"column":16},"end":{"line":64,"column":133}},"46":{"start":{"line":64,"column":29},"end":{"line":64,"column":84}},"47":{"start":{"line":68,"column":12},"end":{"line":70,"column":14}},"48":{"start":{"line":69,"column":16},"end":{"line":69,"column":126}},"49":{"start":{"line":69,"column":29},"end":{"line":69,"column":74}},"50":{"start":{"line":71,"column":12},"end":{"line":73,"column":14}},"51":{"start":{"line":72,"column":16},"end":{"line":72,"column":131}},"52":{"start":{"line":72,"column":29},"end":{"line":72,"column":79}},"53":{"start":{"line":75,"column":12},"end":{"line":77,"column":14}},"54":{"start":{"line":76,"column":16},"end":{"line":76,"column":126}},"55":{"start":{"line":76,"column":29},"end":{"line":76,"column":74}},"56":{"start":{"line":78,"column":12},"end":{"line":80,"column":14}},"57":{"start":{"line":79,"column":16},"end":{"line":79,"column":134}},"58":{"start":{"line":79,"column":29},"end":{"line":79,"column":82}},"59":{"start":{"line":82,"column":12},"end":{"line":98,"column":14}},"60":{"start":{"line":83,"column":30},"end":{"line":83,"column":113}},"61":{"start":{"line":84,"column":16},"end":{"line":84,"column":34}},"62":{"start":{"line":86,"column":16},"end":{"line":95,"column":17}},"63":{"start":{"line":88,"column":20},"end":{"line":88,"column":82}},"64":{"start":{"line":90,"column":20},"end":{"line":90,"column":44}},"65":{"start":{"line":93,"column":20},"end":{"line":93,"column":68}},"66":{"start":{"line":94,"column":20},"end":{"line":94,"column":98}},"67":{"start":{"line":103,"column":8},"end":{"line":404,"column":14}},"68":{"start":{"line":106,"column":12},"end":{"line":106,"column":129}},"69":{"start":{"line":106,"column":29},"end":{"line":106,"column":128}},"70":{"start":{"line":108,"column":12},"end":{"line":121,"column":14}},"71":{"start":{"line":109,"column":47},"end":{"line":109,"column":51}},"72":{"start":{"line":111,"column":27},"end":{"line":111,"column":75}},"73":{"start":{"line":113,"column":16},"end":{"line":113,"column":35}},"74":{"start":{"line":114,"column":16},"end":{"line":114,"column":44}},"75":{"start":{"line":116,"column":30},"end":{"line":116,"column":47}},"76":{"start":{"line":118,"column":32},"end":{"line":118,"column":37}},"77":{"start":{"line":120,"column":16},"end":{"line":120,"column":45}},"78":{"start":{"line":123,"column":12},"end":{"line":125,"column":14}},"79":{"start":{"line":124,"column":16},"end":{"line":124,"column":127}},"80":{"start":{"line":124,"column":29},"end":{"line":124,"column":77}},"81":{"start":{"line":127,"column":12},"end":{"line":129,"column":14}},"82":{"start":{"line":128,"column":16},"end":{"line":128,"column":127}},"83":{"start":{"line":128,"column":29},"end":{"line":128,"column":77}},"84":{"start":{"line":131,"column":12},"end":{"line":133,"column":14}},"85":{"start":{"line":132,"column":16},"end":{"line":132,"column":122}},"86":{"start":{"line":132,"column":29},"end":{"line":132,"column":70}},"87":{"start":{"line":135,"column":12},"end":{"line":137,"column":14}},"88":{"start":{"line":136,"column":16},"end":{"line":136,"column":122}},"89":{"start":{"line":136,"column":29},"end":{"line":136,"column":70}},"90":{"start":{"line":139,"column":12},"end":{"line":153,"column":14}},"91":{"start":{"line":141,"column":16},"end":{"line":150,"column":17}},"92":{"start":{"line":143,"column":20},"end":{"line":143,"column":65}},"93":{"start":{"line":145,"column":20},"end":{"line":145,"column":44}},"94":{"start":{"line":148,"column":20},"end":{"line":148,"column":59}},"95":{"start":{"line":149,"column":20},"end":{"line":149,"column":80}},"96":{"start":{"line":162,"column":16},"end":{"line":166,"column":18}},"97":{"start":{"line":163,"column":20},"end":{"line":163,"column":111}},"98":{"start":{"line":165,"column":20},"end":{"line":165,"column":37}},"99":{"start":{"line":168,"column":16},"end":{"line":189,"column":18}},"100":{"start":{"line":169,"column":34},"end":{"line":169,"column":67}},"101":{"start":{"line":171,"column":20},"end":{"line":171,"column":60}},"102":{"start":{"line":173,"column":117},"end":{"line":173,"column":122}},"103":{"start":{"line":175,"column":20},"end":{"line":175,"column":47}},"104":{"start":{"line":176,"column":20},"end":{"line":176,"column":57}},"105":{"start":{"line":177,"column":20},"end":{"line":177,"column":57}},"106":{"start":{"line":178,"column":20},"end":{"line":178,"column":50}},"107":{"start":{"line":179,"column":20},"end":{"line":179,"column":48}},"108":{"start":{"line":182,"column":20},"end":{"line":182,"column":39}},"109":{"start":{"line":183,"column":20},"end":{"line":183,"column":48}},"110":{"start":{"line":184,"column":20},"end":{"line":184,"column":48}},"111":{"start":{"line":185,"column":20},"end":{"line":185,"column":52}},"112":{"start":{"line":186,"column":20},"end":{"line":186,"column":54}},"113":{"start":{"line":187,"column":20},"end":{"line":187,"column":60}},"114":{"start":{"line":188,"column":20},"end":{"line":188,"column":52}},"115":{"start":{"line":191,"column":16},"end":{"line":193,"column":18}},"116":{"start":{"line":192,"column":20},"end":{"line":192,"column":112}},"117":{"start":{"line":192,"column":33},"end":{"line":192,"column":62}},"118":{"start":{"line":195,"column":16},"end":{"line":197,"column":18}},"119":{"start":{"line":196,"column":20},"end":{"line":196,"column":101}},"120":{"start":{"line":196,"column":33},"end":{"line":196,"column":55}},"121":{"start":{"line":199,"column":16},"end":{"line":201,"column":18}},"122":{"start":{"line":200,"column":20},"end":{"line":200,"column":104}},"123":{"start":{"line":200,"column":33},"end":{"line":200,"column":58}},"124":{"start":{"line":203,"column":16},"end":{"line":216,"column":18}},"125":{"start":{"line":205,"column":20},"end":{"line":215,"column":21}},"126":{"start":{"line":207,"column":24},"end":{"line":207,"column":76}},"127":{"start":{"line":209,"column":24},"end":{"line":209,"column":48}},"128":{"start":{"line":212,"column":24},"end":{"line":212,"column":67}},"129":{"start":{"line":213,"column":24},"end":{"line":213,"column":32}},"130":{"start":{"line":214,"column":24},"end":{"line":214,"column":108}},"131":{"start":{"line":223,"column":16},"end":{"line":227,"column":18}},"132":{"start":{"line":224,"column":20},"end":{"line":224,"column":111}},"133":{"start":{"line":226,"column":20},"end":{"line":226,"column":37}},"134":{"start":{"line":229,"column":16},"end":{"line":250,"column":18}},"135":{"start":{"line":230,"column":34},"end":{"line":230,"column":74}},"136":{"start":{"line":232,"column":20},"end":{"line":232,"column":60}},"137":{"start":{"line":234,"column":117},"end":{"line":234,"column":122}},"138":{"start":{"line":239,"column":20},"end":{"line":239,"column":52}},"139":{"start":{"line":240,"column":20},"end":{"line":240,"column":39}},"140":{"start":{"line":241,"column":20},"end":{"line":241,"column":48}},"141":{"start":{"line":242,"column":20},"end":{"line":242,"column":48}},"142":{"start":{"line":243,"column":20},"end":{"line":243,"column":50}},"143":{"start":{"line":244,"column":20},"end":{"line":244,"column":70}},"144":{"start":{"line":245,"column":20},"end":{"line":245,"column":102}},"145":{"start":{"line":246,"column":20},"end":{"line":246,"column":88}},"146":{"start":{"line":247,"column":20},"end":{"line":247,"column":52}},"147":{"start":{"line":252,"column":16},"end":{"line":254,"column":18}},"148":{"start":{"line":253,"column":20},"end":{"line":253,"column":119}},"149":{"start":{"line":253,"column":33},"end":{"line":253,"column":69}},"150":{"start":{"line":256,"column":16},"end":{"line":258,"column":18}},"151":{"start":{"line":257,"column":20},"end":{"line":257,"column":108}},"152":{"start":{"line":257,"column":33},"end":{"line":257,"column":62}},"153":{"start":{"line":260,"column":16},"end":{"line":262,"column":18}},"154":{"start":{"line":261,"column":20},"end":{"line":261,"column":111}},"155":{"start":{"line":261,"column":33},"end":{"line":261,"column":65}},"156":{"start":{"line":264,"column":16},"end":{"line":275,"column":18}},"157":{"start":{"line":266,"column":20},"end":{"line":274,"column":21}},"158":{"start":{"line":267,"column":24},"end":{"line":267,"column":83}},"159":{"start":{"line":269,"column":24},"end":{"line":269,"column":48}},"160":{"start":{"line":272,"column":24},"end":{"line":272,"column":67}},"161":{"start":{"line":273,"column":24},"end":{"line":273,"column":103}},"162":{"start":{"line":285,"column":16},"end":{"line":285,"column":133}},"163":{"start":{"line":285,"column":33},"end":{"line":285,"column":132}},"164":{"start":{"line":287,"column":16},"end":{"line":309,"column":18}},"165":{"start":{"line":288,"column":69},"end":{"line":288,"column":73}},"166":{"start":{"line":290,"column":35},"end":{"line":290,"column":60}},"167":{"start":{"line":291,"column":45},"end":{"line":291,"column":80}},"168":{"start":{"line":292,"column":36},"end":{"line":292,"column":62}},"169":{"start":{"line":293,"column":38},"end":{"line":293,"column":73}},"170":{"start":{"line":295,"column":32},"end":{"line":295,"column":107}},"171":{"start":{"line":297,"column":20},"end":{"line":297,"column":47}},"172":{"start":{"line":299,"column":35},"end":{"line":299,"column":52}},"173":{"start":{"line":301,"column":36},"end":{"line":301,"column":42}},"174":{"start":{"line":303,"column":20},"end":{"line":303,"column":54}},"175":{"start":{"line":305,"column":20},"end":{"line":305,"column":74}},"176":{"start":{"line":306,"column":20},"end":{"line":306,"column":56}},"177":{"start":{"line":307,"column":20},"end":{"line":307,"column":56}},"178":{"start":{"line":311,"column":16},"end":{"line":330,"column":18}},"179":{"start":{"line":312,"column":69},"end":{"line":312,"column":73}},"180":{"start":{"line":314,"column":35},"end":{"line":314,"column":60}},"181":{"start":{"line":316,"column":32},"end":{"line":316,"column":87}},"182":{"start":{"line":318,"column":20},"end":{"line":318,"column":47}},"183":{"start":{"line":320,"column":35},"end":{"line":320,"column":52}},"184":{"start":{"line":322,"column":36},"end":{"line":322,"column":42}},"185":{"start":{"line":324,"column":20},"end":{"line":324,"column":54}},"186":{"start":{"line":326,"column":20},"end":{"line":326,"column":71}},"187":{"start":{"line":327,"column":20},"end":{"line":327,"column":53}},"188":{"start":{"line":328,"column":20},"end":{"line":328,"column":89}},"189":{"start":{"line":332,"column":16},"end":{"line":351,"column":18}},"190":{"start":{"line":333,"column":69},"end":{"line":333,"column":73}},"191":{"start":{"line":335,"column":45},"end":{"line":335,"column":80}},"192":{"start":{"line":337,"column":32},"end":{"line":337,"column":96}},"193":{"start":{"line":339,"column":20},"end":{"line":339,"column":47}},"194":{"start":{"line":341,"column":35},"end":{"line":341,"column":52}},"195":{"start":{"line":343,"column":36},"end":{"line":343,"column":42}},"196":{"start":{"line":345,"column":20},"end":{"line":345,"column":74}},"197":{"start":{"line":347,"column":20},"end":{"line":347,"column":51}},"198":{"start":{"line":348,"column":20},"end":{"line":348,"column":53}},"199":{"start":{"line":349,"column":20},"end":{"line":349,"column":89}},"200":{"start":{"line":353,"column":16},"end":{"line":372,"column":18}},"201":{"start":{"line":354,"column":69},"end":{"line":354,"column":73}},"202":{"start":{"line":356,"column":36},"end":{"line":356,"column":62}},"203":{"start":{"line":358,"column":32},"end":{"line":358,"column":96}},"204":{"start":{"line":360,"column":20},"end":{"line":360,"column":47}},"205":{"start":{"line":362,"column":35},"end":{"line":362,"column":52}},"206":{"start":{"line":364,"column":36},"end":{"line":364,"column":42}},"207":{"start":{"line":366,"column":20},"end":{"line":366,"column":56}},"208":{"start":{"line":368,"column":20},"end":{"line":368,"column":51}},"209":{"start":{"line":369,"column":20},"end":{"line":369,"column":71}},"210":{"start":{"line":370,"column":20},"end":{"line":370,"column":89}},"211":{"start":{"line":374,"column":16},"end":{"line":376,"column":18}},"212":{"start":{"line":375,"column":20},"end":{"line":375,"column":167}},"213":{"start":{"line":375,"column":33},"end":{"line":375,"column":117}},"214":{"start":{"line":377,"column":16},"end":{"line":379,"column":18}},"215":{"start":{"line":378,"column":20},"end":{"line":378,"column":166}},"216":{"start":{"line":378,"column":33},"end":{"line":378,"column":116}},"217":{"start":{"line":381,"column":16},"end":{"line":383,"column":18}},"218":{"start":{"line":382,"column":20},"end":{"line":382,"column":156}},"219":{"start":{"line":382,"column":33},"end":{"line":382,"column":106}},"220":{"start":{"line":385,"column":16},"end":{"line":387,"column":18}},"221":{"start":{"line":386,"column":20},"end":{"line":386,"column":165}},"222":{"start":{"line":386,"column":33},"end":{"line":386,"column":115}},"223":{"start":{"line":389,"column":16},"end":{"line":401,"column":18}},"224":{"start":{"line":391,"column":20},"end":{"line":399,"column":21}},"225":{"start":{"line":392,"column":24},"end":{"line":392,"column":131}},"226":{"start":{"line":394,"column":24},"end":{"line":394,"column":48}},"227":{"start":{"line":397,"column":24},"end":{"line":397,"column":67}},"228":{"start":{"line":398,"column":24},"end":{"line":398,"column":103}},"229":{"start":{"line":406,"column":8},"end":{"line":1340,"column":10}},"230":{"start":{"line":407,"column":12},"end":{"line":513,"column":14}},"231":{"start":{"line":410,"column":16},"end":{"line":420,"column":18}},"232":{"start":{"line":411,"column":20},"end":{"line":411,"column":110}},"233":{"start":{"line":413,"column":20},"end":{"line":413,"column":50}},"234":{"start":{"line":414,"column":20},"end":{"line":414,"column":57}},"235":{"start":{"line":415,"column":20},"end":{"line":415,"column":104}},"236":{"start":{"line":416,"column":20},"end":{"line":416,"column":51}},"237":{"start":{"line":417,"column":20},"end":{"line":417,"column":42}},"238":{"start":{"line":419,"column":20},"end":{"line":419,"column":37}},"239":{"start":{"line":422,"column":16},"end":{"line":441,"column":18}},"240":{"start":{"line":423,"column":32},"end":{"line":423,"column":115}},"241":{"start":{"line":425,"column":20},"end":{"line":425,"column":47}},"242":{"start":{"line":427,"column":37},"end":{"line":427,"column":57}},"243":{"start":{"line":429,"column":38},"end":{"line":429,"column":46}},"244":{"start":{"line":431,"column":20},"end":{"line":431,"column":55}},"245":{"start":{"line":433,"column":20},"end":{"line":433,"column":69}},"246":{"start":{"line":435,"column":20},"end":{"line":435,"column":91}},"247":{"start":{"line":437,"column":20},"end":{"line":437,"column":67}},"248":{"start":{"line":438,"column":20},"end":{"line":438,"column":62}},"249":{"start":{"line":439,"column":20},"end":{"line":439,"column":63}},"250":{"start":{"line":440,"column":20},"end":{"line":440,"column":70}},"251":{"start":{"line":443,"column":16},"end":{"line":445,"column":18}},"252":{"start":{"line":444,"column":20},"end":{"line":444,"column":162}},"253":{"start":{"line":444,"column":33},"end":{"line":444,"column":161}},"254":{"start":{"line":447,"column":16},"end":{"line":449,"column":18}},"255":{"start":{"line":448,"column":20},"end":{"line":448,"column":165}},"256":{"start":{"line":448,"column":33},"end":{"line":448,"column":164}},"257":{"start":{"line":450,"column":16},"end":{"line":452,"column":18}},"258":{"start":{"line":451,"column":20},"end":{"line":451,"column":158}},"259":{"start":{"line":451,"column":33},"end":{"line":451,"column":157}},"260":{"start":{"line":454,"column":16},"end":{"line":456,"column":18}},"261":{"start":{"line":455,"column":20},"end":{"line":455,"column":159}},"262":{"start":{"line":455,"column":33},"end":{"line":455,"column":158}},"263":{"start":{"line":458,"column":16},"end":{"line":460,"column":18}},"264":{"start":{"line":459,"column":20},"end":{"line":459,"column":161}},"265":{"start":{"line":459,"column":33},"end":{"line":459,"column":160}},"266":{"start":{"line":462,"column":16},"end":{"line":464,"column":18}},"267":{"start":{"line":463,"column":20},"end":{"line":463,"column":151}},"268":{"start":{"line":463,"column":33},"end":{"line":463,"column":150}},"269":{"start":{"line":466,"column":16},"end":{"line":468,"column":18}},"270":{"start":{"line":467,"column":20},"end":{"line":467,"column":156}},"271":{"start":{"line":467,"column":33},"end":{"line":467,"column":155}},"272":{"start":{"line":469,"column":16},"end":{"line":471,"column":18}},"273":{"start":{"line":470,"column":20},"end":{"line":470,"column":156}},"274":{"start":{"line":470,"column":33},"end":{"line":470,"column":155}},"275":{"start":{"line":473,"column":16},"end":{"line":475,"column":18}},"276":{"start":{"line":474,"column":20},"end":{"line":474,"column":156}},"277":{"start":{"line":474,"column":33},"end":{"line":474,"column":155}},"278":{"start":{"line":477,"column":16},"end":{"line":479,"column":18}},"279":{"start":{"line":478,"column":20},"end":{"line":478,"column":156}},"280":{"start":{"line":478,"column":33},"end":{"line":478,"column":155}},"281":{"start":{"line":481,"column":16},"end":{"line":483,"column":18}},"282":{"start":{"line":482,"column":20},"end":{"line":482,"column":159}},"283":{"start":{"line":482,"column":33},"end":{"line":482,"column":158}},"284":{"start":{"line":485,"column":16},"end":{"line":487,"column":18}},"285":{"start":{"line":486,"column":20},"end":{"line":486,"column":164}},"286":{"start":{"line":486,"column":33},"end":{"line":486,"column":163}},"287":{"start":{"line":488,"column":16},"end":{"line":490,"column":18}},"288":{"start":{"line":489,"column":20},"end":{"line":489,"column":164}},"289":{"start":{"line":489,"column":33},"end":{"line":489,"column":163}},"290":{"start":{"line":492,"column":16},"end":{"line":494,"column":18}},"291":{"start":{"line":493,"column":20},"end":{"line":493,"column":164}},"292":{"start":{"line":493,"column":33},"end":{"line":493,"column":163}},"293":{"start":{"line":496,"column":16},"end":{"line":498,"column":18}},"294":{"start":{"line":497,"column":20},"end":{"line":497,"column":164}},"295":{"start":{"line":497,"column":33},"end":{"line":497,"column":163}},"296":{"start":{"line":500,"column":16},"end":{"line":512,"column":18}},"297":{"start":{"line":501,"column":20},"end":{"line":510,"column":21}},"298":{"start":{"line":503,"column":24},"end":{"line":503,"column":126}},"299":{"start":{"line":505,"column":24},"end":{"line":505,"column":48}},"300":{"start":{"line":508,"column":24},"end":{"line":508,"column":67}},"301":{"start":{"line":509,"column":24},"end":{"line":509,"column":103}},"302":{"start":{"line":515,"column":12},"end":{"line":614,"column":14}},"303":{"start":{"line":518,"column":16},"end":{"line":531,"column":18}},"304":{"start":{"line":519,"column":20},"end":{"line":519,"column":110}},"305":{"start":{"line":520,"column":20},"end":{"line":520,"column":200}},"306":{"start":{"line":521,"column":20},"end":{"line":521,"column":105}},"307":{"start":{"line":522,"column":20},"end":{"line":522,"column":105}},"308":{"start":{"line":523,"column":20},"end":{"line":523,"column":105}},"309":{"start":{"line":525,"column":20},"end":{"line":525,"column":37}},"310":{"start":{"line":526,"column":20},"end":{"line":526,"column":40}},"311":{"start":{"line":527,"column":20},"end":{"line":527,"column":41}},"312":{"start":{"line":528,"column":20},"end":{"line":528,"column":41}},"313":{"start":{"line":529,"column":20},"end":{"line":529,"column":41}},"314":{"start":{"line":533,"column":16},"end":{"line":549,"column":18}},"315":{"start":{"line":535,"column":20},"end":{"line":535,"column":66}},"316":{"start":{"line":537,"column":37},"end":{"line":537,"column":71}},"317":{"start":{"line":539,"column":38},"end":{"line":539,"column":81}},"318":{"start":{"line":541,"column":20},"end":{"line":541,"column":51}},"319":{"start":{"line":543,"column":20},"end":{"line":543,"column":56}},"320":{"start":{"line":551,"column":16},"end":{"line":553,"column":18}},"321":{"start":{"line":552,"column":20},"end":{"line":552,"column":125}},"322":{"start":{"line":552,"column":33},"end":{"line":552,"column":124}},"323":{"start":{"line":555,"column":16},"end":{"line":557,"column":18}},"324":{"start":{"line":556,"column":20},"end":{"line":556,"column":120}},"325":{"start":{"line":556,"column":33},"end":{"line":556,"column":119}},"326":{"start":{"line":559,"column":16},"end":{"line":561,"column":18}},"327":{"start":{"line":560,"column":20},"end":{"line":560,"column":120}},"328":{"start":{"line":560,"column":33},"end":{"line":560,"column":119}},"329":{"start":{"line":563,"column":16},"end":{"line":565,"column":18}},"330":{"start":{"line":564,"column":20},"end":{"line":564,"column":118}},"331":{"start":{"line":564,"column":33},"end":{"line":564,"column":117}},"332":{"start":{"line":567,"column":16},"end":{"line":569,"column":18}},"333":{"start":{"line":568,"column":20},"end":{"line":568,"column":122}},"334":{"start":{"line":568,"column":33},"end":{"line":568,"column":121}},"335":{"start":{"line":571,"column":16},"end":{"line":573,"column":18}},"336":{"start":{"line":572,"column":20},"end":{"line":572,"column":117}},"337":{"start":{"line":572,"column":33},"end":{"line":572,"column":116}},"338":{"start":{"line":575,"column":16},"end":{"line":577,"column":18}},"339":{"start":{"line":576,"column":20},"end":{"line":576,"column":117}},"340":{"start":{"line":576,"column":33},"end":{"line":576,"column":116}},"341":{"start":{"line":579,"column":16},"end":{"line":581,"column":18}},"342":{"start":{"line":580,"column":20},"end":{"line":580,"column":115}},"343":{"start":{"line":580,"column":33},"end":{"line":580,"column":114}},"344":{"start":{"line":583,"column":16},"end":{"line":585,"column":18}},"345":{"start":{"line":584,"column":20},"end":{"line":584,"column":118}},"346":{"start":{"line":584,"column":33},"end":{"line":584,"column":117}},"347":{"start":{"line":587,"column":16},"end":{"line":589,"column":18}},"348":{"start":{"line":588,"column":20},"end":{"line":588,"column":118}},"349":{"start":{"line":588,"column":33},"end":{"line":588,"column":117}},"350":{"start":{"line":591,"column":16},"end":{"line":593,"column":18}},"351":{"start":{"line":592,"column":20},"end":{"line":592,"column":124}},"352":{"start":{"line":592,"column":33},"end":{"line":592,"column":123}},"353":{"start":{"line":595,"column":16},"end":{"line":597,"column":18}},"354":{"start":{"line":596,"column":20},"end":{"line":596,"column":123}},"355":{"start":{"line":596,"column":33},"end":{"line":596,"column":122}},"356":{"start":{"line":599,"column":16},"end":{"line":611,"column":18}},"357":{"start":{"line":600,"column":20},"end":{"line":609,"column":21}},"358":{"start":{"line":602,"column":24},"end":{"line":602,"column":89}},"359":{"start":{"line":604,"column":24},"end":{"line":604,"column":48}},"360":{"start":{"line":607,"column":24},"end":{"line":607,"column":59}},"361":{"start":{"line":608,"column":24},"end":{"line":608,"column":95}},"362":{"start":{"line":616,"column":12},"end":{"line":703,"column":14}},"363":{"start":{"line":619,"column":16},"end":{"line":630,"column":18}},"364":{"start":{"line":621,"column":20},"end":{"line":621,"column":110}},"365":{"start":{"line":623,"column":20},"end":{"line":623,"column":114}},"366":{"start":{"line":625,"column":20},"end":{"line":625,"column":201}},"367":{"start":{"line":627,"column":20},"end":{"line":627,"column":37}},"368":{"start":{"line":628,"column":20},"end":{"line":628,"column":38}},"369":{"start":{"line":629,"column":20},"end":{"line":629,"column":40}},"370":{"start":{"line":632,"column":16},"end":{"line":644,"column":18}},"371":{"start":{"line":634,"column":20},"end":{"line":634,"column":64}},"372":{"start":{"line":636,"column":34},"end":{"line":636,"column":62}},"373":{"start":{"line":638,"column":20},"end":{"line":638,"column":66}},"374":{"start":{"line":640,"column":20},"end":{"line":640,"column":82}},"375":{"start":{"line":647,"column":16},"end":{"line":663,"column":18}},"376":{"start":{"line":648,"column":37},"end":{"line":648,"column":208}},"377":{"start":{"line":649,"column":37},"end":{"line":649,"column":208}},"378":{"start":{"line":651,"column":20},"end":{"line":651,"column":41}},"379":{"start":{"line":652,"column":20},"end":{"line":652,"column":41}},"380":{"start":{"line":653,"column":95},"end":{"line":653,"column":102}},"381":{"start":{"line":655,"column":20},"end":{"line":655,"column":64}},"382":{"start":{"line":656,"column":20},"end":{"line":656,"column":65}},"383":{"start":{"line":658,"column":37},"end":{"line":658,"column":75}},"384":{"start":{"line":660,"column":20},"end":{"line":660,"column":55}},"385":{"start":{"line":662,"column":20},"end":{"line":662,"column":50}},"386":{"start":{"line":665,"column":16},"end":{"line":667,"column":18}},"387":{"start":{"line":666,"column":20},"end":{"line":666,"column":124}},"388":{"start":{"line":666,"column":33},"end":{"line":666,"column":123}},"389":{"start":{"line":669,"column":16},"end":{"line":671,"column":18}},"390":{"start":{"line":670,"column":20},"end":{"line":670,"column":121}},"391":{"start":{"line":670,"column":33},"end":{"line":670,"column":120}},"392":{"start":{"line":673,"column":16},"end":{"line":675,"column":18}},"393":{"start":{"line":674,"column":20},"end":{"line":674,"column":116}},"394":{"start":{"line":674,"column":33},"end":{"line":674,"column":115}},"395":{"start":{"line":677,"column":16},"end":{"line":679,"column":18}},"396":{"start":{"line":678,"column":20},"end":{"line":678,"column":116}},"397":{"start":{"line":678,"column":33},"end":{"line":678,"column":115}},"398":{"start":{"line":681,"column":16},"end":{"line":683,"column":18}},"399":{"start":{"line":682,"column":20},"end":{"line":682,"column":122}},"400":{"start":{"line":682,"column":33},"end":{"line":682,"column":121}},"401":{"start":{"line":685,"column":16},"end":{"line":687,"column":18}},"402":{"start":{"line":686,"column":20},"end":{"line":686,"column":121}},"403":{"start":{"line":686,"column":33},"end":{"line":686,"column":120}},"404":{"start":{"line":689,"column":16},"end":{"line":701,"column":18}},"405":{"start":{"line":690,"column":20},"end":{"line":699,"column":21}},"406":{"start":{"line":692,"column":24},"end":{"line":692,"column":84}},"407":{"start":{"line":694,"column":24},"end":{"line":694,"column":48}},"408":{"start":{"line":697,"column":24},"end":{"line":697,"column":67}},"409":{"start":{"line":698,"column":24},"end":{"line":698,"column":106}},"410":{"start":{"line":705,"column":12},"end":{"line":777,"column":14}},"411":{"start":{"line":708,"column":16},"end":{"line":716,"column":18}},"412":{"start":{"line":709,"column":20},"end":{"line":709,"column":110}},"413":{"start":{"line":710,"column":20},"end":{"line":710,"column":226}},"414":{"start":{"line":711,"column":20},"end":{"line":711,"column":37}},"415":{"start":{"line":712,"column":20},"end":{"line":712,"column":40}},"416":{"start":{"line":713,"column":20},"end":{"line":713,"column":143}},"417":{"start":{"line":714,"column":20},"end":{"line":714,"column":38}},"418":{"start":{"line":718,"column":16},"end":{"line":725,"column":18}},"419":{"start":{"line":720,"column":20},"end":{"line":720,"column":72}},"420":{"start":{"line":721,"column":35},"end":{"line":721,"column":64}},"421":{"start":{"line":723,"column":20},"end":{"line":723,"column":67}},"422":{"start":{"line":726,"column":16},"end":{"line":728,"column":18}},"423":{"start":{"line":727,"column":20},"end":{"line":727,"column":131}},"424":{"start":{"line":727,"column":33},"end":{"line":727,"column":130}},"425":{"start":{"line":730,"column":16},"end":{"line":732,"column":18}},"426":{"start":{"line":731,"column":20},"end":{"line":731,"column":128}},"427":{"start":{"line":731,"column":33},"end":{"line":731,"column":127}},"428":{"start":{"line":734,"column":16},"end":{"line":736,"column":18}},"429":{"start":{"line":735,"column":20},"end":{"line":735,"column":123}},"430":{"start":{"line":735,"column":33},"end":{"line":735,"column":122}},"431":{"start":{"line":738,"column":16},"end":{"line":740,"column":18}},"432":{"start":{"line":739,"column":20},"end":{"line":739,"column":123}},"433":{"start":{"line":739,"column":33},"end":{"line":739,"column":122}},"434":{"start":{"line":742,"column":16},"end":{"line":744,"column":18}},"435":{"start":{"line":743,"column":20},"end":{"line":743,"column":129}},"436":{"start":{"line":743,"column":33},"end":{"line":743,"column":128}},"437":{"start":{"line":746,"column":16},"end":{"line":748,"column":18}},"438":{"start":{"line":747,"column":20},"end":{"line":747,"column":128}},"439":{"start":{"line":747,"column":33},"end":{"line":747,"column":127}},"440":{"start":{"line":750,"column":16},"end":{"line":762,"column":18}},"441":{"start":{"line":751,"column":20},"end":{"line":760,"column":21}},"442":{"start":{"line":753,"column":24},"end":{"line":753,"column":94}},"443":{"start":{"line":755,"column":24},"end":{"line":755,"column":48}},"444":{"start":{"line":758,"column":24},"end":{"line":758,"column":67}},"445":{"start":{"line":759,"column":24},"end":{"line":759,"column":103}},"446":{"start":{"line":764,"column":16},"end":{"line":776,"column":18}},"447":{"start":{"line":765,"column":20},"end":{"line":774,"column":21}},"448":{"start":{"line":767,"column":24},"end":{"line":767,"column":91}},"449":{"start":{"line":769,"column":24},"end":{"line":769,"column":48}},"450":{"start":{"line":772,"column":24},"end":{"line":772,"column":67}},"451":{"start":{"line":773,"column":24},"end":{"line":773,"column":106}},"452":{"start":{"line":779,"column":12},"end":{"line":845,"column":14}},"453":{"start":{"line":782,"column":16},"end":{"line":792,"column":18}},"454":{"start":{"line":783,"column":20},"end":{"line":783,"column":110}},"455":{"start":{"line":784,"column":20},"end":{"line":784,"column":114}},"456":{"start":{"line":785,"column":20},"end":{"line":785,"column":227}},"457":{"start":{"line":786,"column":20},"end":{"line":786,"column":131}},"458":{"start":{"line":788,"column":20},"end":{"line":788,"column":37}},"459":{"start":{"line":789,"column":20},"end":{"line":789,"column":38}},"460":{"start":{"line":790,"column":20},"end":{"line":790,"column":40}},"461":{"start":{"line":791,"column":20},"end":{"line":791,"column":41}},"462":{"start":{"line":794,"column":16},"end":{"line":806,"column":18}},"463":{"start":{"line":796,"column":20},"end":{"line":796,"column":66}},"464":{"start":{"line":798,"column":37},"end":{"line":798,"column":71}},"465":{"start":{"line":800,"column":20},"end":{"line":800,"column":69}},"466":{"start":{"line":802,"column":37},"end":{"line":802,"column":72}},"467":{"start":{"line":804,"column":20},"end":{"line":804,"column":65}},"468":{"start":{"line":808,"column":16},"end":{"line":810,"column":18}},"469":{"start":{"line":809,"column":20},"end":{"line":809,"column":125}},"470":{"start":{"line":809,"column":33},"end":{"line":809,"column":124}},"471":{"start":{"line":812,"column":16},"end":{"line":814,"column":18}},"472":{"start":{"line":813,"column":20},"end":{"line":813,"column":122}},"473":{"start":{"line":813,"column":33},"end":{"line":813,"column":121}},"474":{"start":{"line":816,"column":16},"end":{"line":818,"column":18}},"475":{"start":{"line":817,"column":20},"end":{"line":817,"column":117}},"476":{"start":{"line":817,"column":33},"end":{"line":817,"column":116}},"477":{"start":{"line":820,"column":16},"end":{"line":822,"column":18}},"478":{"start":{"line":821,"column":20},"end":{"line":821,"column":117}},"479":{"start":{"line":821,"column":33},"end":{"line":821,"column":116}},"480":{"start":{"line":824,"column":16},"end":{"line":826,"column":18}},"481":{"start":{"line":825,"column":20},"end":{"line":825,"column":123}},"482":{"start":{"line":825,"column":33},"end":{"line":825,"column":122}},"483":{"start":{"line":828,"column":16},"end":{"line":830,"column":18}},"484":{"start":{"line":829,"column":20},"end":{"line":829,"column":122}},"485":{"start":{"line":829,"column":33},"end":{"line":829,"column":121}},"486":{"start":{"line":832,"column":16},"end":{"line":844,"column":18}},"487":{"start":{"line":833,"column":20},"end":{"line":842,"column":21}},"488":{"start":{"line":835,"column":24},"end":{"line":835,"column":88}},"489":{"start":{"line":837,"column":24},"end":{"line":837,"column":48}},"490":{"start":{"line":840,"column":24},"end":{"line":840,"column":59}},"491":{"start":{"line":841,"column":24},"end":{"line":841,"column":75}},"492":{"start":{"line":847,"column":12},"end":{"line":982,"column":14}},"493":{"start":{"line":850,"column":16},"end":{"line":860,"column":18}},"494":{"start":{"line":851,"column":20},"end":{"line":851,"column":110}},"495":{"start":{"line":853,"column":20},"end":{"line":853,"column":200}},"496":{"start":{"line":855,"column":20},"end":{"line":855,"column":201}},"497":{"start":{"line":857,"column":20},"end":{"line":857,"column":37}},"498":{"start":{"line":858,"column":20},"end":{"line":858,"column":40}},"499":{"start":{"line":859,"column":20},"end":{"line":859,"column":41}},"500":{"start":{"line":862,"column":16},"end":{"line":907,"column":18}},"501":{"start":{"line":864,"column":37},"end":{"line":864,"column":73}},"502":{"start":{"line":865,"column":20},"end":{"line":865,"column":56}},"503":{"start":{"line":867,"column":20},"end":{"line":867,"column":55}},"504":{"start":{"line":869,"column":38},"end":{"line":869,"column":58}},"505":{"start":{"line":871,"column":20},"end":{"line":871,"column":56}},"506":{"start":{"line":873,"column":20},"end":{"line":873,"column":70}},"507":{"start":{"line":875,"column":50},"end":{"line":875,"column":59}},"508":{"start":{"line":877,"column":20},"end":{"line":877,"column":60}},"509":{"start":{"line":878,"column":20},"end":{"line":878,"column":64}},"510":{"start":{"line":879,"column":20},"end":{"line":879,"column":78}},"511":{"start":{"line":880,"column":20},"end":{"line":880,"column":88}},"512":{"start":{"line":881,"column":20},"end":{"line":881,"column":76}},"513":{"start":{"line":883,"column":20},"end":{"line":883,"column":62}},"514":{"start":{"line":884,"column":20},"end":{"line":884,"column":66}},"515":{"start":{"line":885,"column":20},"end":{"line":885,"column":80}},"516":{"start":{"line":886,"column":20},"end":{"line":886,"column":90}},"517":{"start":{"line":887,"column":20},"end":{"line":887,"column":78}},"518":{"start":{"line":889,"column":52},"end":{"line":889,"column":60}},"519":{"start":{"line":891,"column":20},"end":{"line":891,"column":67}},"520":{"start":{"line":892,"column":20},"end":{"line":892,"column":68}},"521":{"start":{"line":894,"column":20},"end":{"line":894,"column":62}},"522":{"start":{"line":895,"column":20},"end":{"line":895,"column":66}},"523":{"start":{"line":896,"column":20},"end":{"line":896,"column":80}},"524":{"start":{"line":897,"column":20},"end":{"line":897,"column":90}},"525":{"start":{"line":898,"column":20},"end":{"line":898,"column":78}},"526":{"start":{"line":900,"column":20},"end":{"line":900,"column":64}},"527":{"start":{"line":901,"column":20},"end":{"line":901,"column":68}},"528":{"start":{"line":902,"column":20},"end":{"line":902,"column":82}},"529":{"start":{"line":903,"column":20},"end":{"line":903,"column":92}},"530":{"start":{"line":904,"column":20},"end":{"line":904,"column":80}},"531":{"start":{"line":909,"column":16},"end":{"line":921,"column":18}},"532":{"start":{"line":911,"column":20},"end":{"line":919,"column":21}},"533":{"start":{"line":912,"column":24},"end":{"line":912,"column":79}},"534":{"start":{"line":914,"column":24},"end":{"line":914,"column":48}},"535":{"start":{"line":917,"column":24},"end":{"line":917,"column":67}},"536":{"start":{"line":918,"column":24},"end":{"line":918,"column":103}},"537":{"start":{"line":923,"column":16},"end":{"line":956,"column":18}},"538":{"start":{"line":924,"column":34},"end":{"line":924,"column":120}},"539":{"start":{"line":926,"column":35},"end":{"line":926,"column":232}},"540":{"start":{"line":928,"column":35},"end":{"line":928,"column":232}},"541":{"start":{"line":930,"column":35},"end":{"line":930,"column":232}},"542":{"start":{"line":932,"column":20},"end":{"line":932,"column":38}},"543":{"start":{"line":933,"column":20},"end":{"line":933,"column":41}},"544":{"start":{"line":934,"column":20},"end":{"line":934,"column":41}},"545":{"start":{"line":935,"column":20},"end":{"line":935,"column":41}},"546":{"start":{"line":937,"column":37},"end":{"line":937,"column":83}},"547":{"start":{"line":939,"column":20},"end":{"line":939,"column":56}},"548":{"start":{"line":941,"column":20},"end":{"line":941,"column":55}},"549":{"start":{"line":943,"column":38},"end":{"line":943,"column":85}},"550":{"start":{"line":945,"column":20},"end":{"line":945,"column":56}},"551":{"start":{"line":947,"column":20},"end":{"line":947,"column":70}},"552":{"start":{"line":949,"column":62},"end":{"line":949,"column":71}},"553":{"start":{"line":951,"column":20},"end":{"line":951,"column":83}},"554":{"start":{"line":952,"column":20},"end":{"line":952,"column":83}},"555":{"start":{"line":953,"column":20},"end":{"line":953,"column":83}},"556":{"start":{"line":958,"column":16},"end":{"line":960,"column":18}},"557":{"start":{"line":959,"column":20},"end":{"line":959,"column":116}},"558":{"start":{"line":959,"column":33},"end":{"line":959,"column":115}},"559":{"start":{"line":961,"column":16},"end":{"line":963,"column":18}},"560":{"start":{"line":962,"column":20},"end":{"line":962,"column":104}},"561":{"start":{"line":962,"column":33},"end":{"line":962,"column":103}},"562":{"start":{"line":964,"column":16},"end":{"line":966,"column":18}},"563":{"start":{"line":965,"column":20},"end":{"line":965,"column":110}},"564":{"start":{"line":965,"column":33},"end":{"line":965,"column":109}},"565":{"start":{"line":968,"column":16},"end":{"line":980,"column":18}},"566":{"start":{"line":969,"column":20},"end":{"line":978,"column":21}},"567":{"start":{"line":971,"column":24},"end":{"line":971,"column":89}},"568":{"start":{"line":973,"column":24},"end":{"line":973,"column":48}},"569":{"start":{"line":976,"column":24},"end":{"line":976,"column":67}},"570":{"start":{"line":977,"column":24},"end":{"line":977,"column":103}},"571":{"start":{"line":984,"column":12},"end":{"line":1063,"column":14}},"572":{"start":{"line":986,"column":16},"end":{"line":1005,"column":18}},"573":{"start":{"line":987,"column":20},"end":{"line":987,"column":110}},"574":{"start":{"line":989,"column":20},"end":{"line":989,"column":220}},"575":{"start":{"line":991,"column":20},"end":{"line":991,"column":209}},"576":{"start":{"line":993,"column":20},"end":{"line":993,"column":212}},"577":{"start":{"line":995,"column":20},"end":{"line":995,"column":207}},"578":{"start":{"line":997,"column":20},"end":{"line":997,"column":222}},"579":{"start":{"line":999,"column":20},"end":{"line":999,"column":37}},"580":{"start":{"line":1000,"column":20},"end":{"line":1000,"column":40}},"581":{"start":{"line":1001,"column":20},"end":{"line":1001,"column":41}},"582":{"start":{"line":1002,"column":20},"end":{"line":1002,"column":41}},"583":{"start":{"line":1003,"column":20},"end":{"line":1003,"column":41}},"584":{"start":{"line":1004,"column":20},"end":{"line":1004,"column":41}},"585":{"start":{"line":1007,"column":16},"end":{"line":1016,"column":18}},"586":{"start":{"line":1009,"column":34},"end":{"line":1009,"column":52}},"587":{"start":{"line":1011,"column":37},"end":{"line":1011,"column":79}},"588":{"start":{"line":1013,"column":20},"end":{"line":1013,"column":55}},"589":{"start":{"line":1015,"column":62},"end":{"line":1015,"column":70}},"590":{"start":{"line":1018,"column":16},"end":{"line":1027,"column":18}},"591":{"start":{"line":1020,"column":34},"end":{"line":1020,"column":69}},"592":{"start":{"line":1022,"column":37},"end":{"line":1022,"column":79}},"593":{"start":{"line":1024,"column":20},"end":{"line":1024,"column":55}},"594":{"start":{"line":1026,"column":62},"end":{"line":1026,"column":70}},"595":{"start":{"line":1029,"column":16},"end":{"line":1038,"column":18}},"596":{"start":{"line":1031,"column":34},"end":{"line":1031,"column":51}},"597":{"start":{"line":1033,"column":37},"end":{"line":1033,"column":79}},"598":{"start":{"line":1035,"column":20},"end":{"line":1035,"column":55}},"599":{"start":{"line":1037,"column":62},"end":{"line":1037,"column":70}},"600":{"start":{"line":1040,"column":16},"end":{"line":1042,"column":18}},"601":{"start":{"line":1041,"column":20},"end":{"line":1041,"column":124}},"602":{"start":{"line":1041,"column":33},"end":{"line":1041,"column":123}},"603":{"start":{"line":1044,"column":16},"end":{"line":1046,"column":18}},"604":{"start":{"line":1045,"column":20},"end":{"line":1045,"column":134}},"605":{"start":{"line":1045,"column":33},"end":{"line":1045,"column":133}},"606":{"start":{"line":1048,"column":16},"end":{"line":1050,"column":18}},"607":{"start":{"line":1049,"column":20},"end":{"line":1049,"column":115}},"608":{"start":{"line":1049,"column":33},"end":{"line":1049,"column":114}},"609":{"start":{"line":1052,"column":16},"end":{"line":1054,"column":18}},"610":{"start":{"line":1053,"column":20},"end":{"line":1053,"column":126}},"611":{"start":{"line":1053,"column":33},"end":{"line":1053,"column":125}},"612":{"start":{"line":1056,"column":16},"end":{"line":1058,"column":18}},"613":{"start":{"line":1057,"column":20},"end":{"line":1057,"column":121}},"614":{"start":{"line":1057,"column":33},"end":{"line":1057,"column":120}},"615":{"start":{"line":1060,"column":16},"end":{"line":1062,"column":18}},"616":{"start":{"line":1061,"column":20},"end":{"line":1061,"column":131}},"617":{"start":{"line":1061,"column":33},"end":{"line":1061,"column":130}},"618":{"start":{"line":1067,"column":12},"end":{"line":1157,"column":14}},"619":{"start":{"line":1070,"column":16},"end":{"line":1080,"column":18}},"620":{"start":{"line":1072,"column":20},"end":{"line":1072,"column":110}},"621":{"start":{"line":1073,"column":20},"end":{"line":1073,"column":148}},"622":{"start":{"line":1075,"column":20},"end":{"line":1075,"column":261}},"623":{"start":{"line":1077,"column":20},"end":{"line":1077,"column":37}},"624":{"start":{"line":1078,"column":20},"end":{"line":1078,"column":38}},"625":{"start":{"line":1079,"column":20},"end":{"line":1079,"column":40}},"626":{"start":{"line":1082,"column":16},"end":{"line":1095,"column":18}},"627":{"start":{"line":1083,"column":95},"end":{"line":1083,"column":102}},"628":{"start":{"line":1085,"column":37},"end":{"line":1085,"column":90}},"629":{"start":{"line":1088,"column":20},"end":{"line":1088,"column":56}},"630":{"start":{"line":1089,"column":20},"end":{"line":1089,"column":70}},"631":{"start":{"line":1090,"column":20},"end":{"line":1090,"column":92}},"632":{"start":{"line":1091,"column":20},"end":{"line":1091,"column":80}},"633":{"start":{"line":1092,"column":20},"end":{"line":1092,"column":68}},"634":{"start":{"line":1093,"column":20},"end":{"line":1093,"column":63}},"635":{"start":{"line":1097,"column":16},"end":{"line":1099,"column":18}},"636":{"start":{"line":1098,"column":20},"end":{"line":1098,"column":132}},"637":{"start":{"line":1098,"column":33},"end":{"line":1098,"column":131}},"638":{"start":{"line":1101,"column":16},"end":{"line":1103,"column":18}},"639":{"start":{"line":1102,"column":20},"end":{"line":1102,"column":127}},"640":{"start":{"line":1102,"column":33},"end":{"line":1102,"column":126}},"641":{"start":{"line":1105,"column":16},"end":{"line":1107,"column":18}},"642":{"start":{"line":1106,"column":20},"end":{"line":1106,"column":127}},"643":{"start":{"line":1106,"column":33},"end":{"line":1106,"column":126}},"644":{"start":{"line":1110,"column":16},"end":{"line":1112,"column":18}},"645":{"start":{"line":1111,"column":20},"end":{"line":1111,"column":125}},"646":{"start":{"line":1111,"column":33},"end":{"line":1111,"column":124}},"647":{"start":{"line":1115,"column":16},"end":{"line":1117,"column":18}},"648":{"start":{"line":1116,"column":20},"end":{"line":1116,"column":129}},"649":{"start":{"line":1116,"column":33},"end":{"line":1116,"column":128}},"650":{"start":{"line":1119,"column":16},"end":{"line":1121,"column":18}},"651":{"start":{"line":1120,"column":20},"end":{"line":1120,"column":124}},"652":{"start":{"line":1120,"column":33},"end":{"line":1120,"column":123}},"653":{"start":{"line":1122,"column":16},"end":{"line":1124,"column":18}},"654":{"start":{"line":1123,"column":20},"end":{"line":1123,"column":124}},"655":{"start":{"line":1123,"column":33},"end":{"line":1123,"column":123}},"656":{"start":{"line":1125,"column":16},"end":{"line":1127,"column":18}},"657":{"start":{"line":1126,"column":20},"end":{"line":1126,"column":122}},"658":{"start":{"line":1126,"column":33},"end":{"line":1126,"column":121}},"659":{"start":{"line":1128,"column":16},"end":{"line":1130,"column":18}},"660":{"start":{"line":1129,"column":20},"end":{"line":1129,"column":124}},"661":{"start":{"line":1129,"column":33},"end":{"line":1129,"column":123}},"662":{"start":{"line":1132,"column":16},"end":{"line":1134,"column":18}},"663":{"start":{"line":1133,"column":20},"end":{"line":1133,"column":124}},"664":{"start":{"line":1133,"column":33},"end":{"line":1133,"column":123}},"665":{"start":{"line":1136,"column":16},"end":{"line":1138,"column":18}},"666":{"start":{"line":1137,"column":20},"end":{"line":1137,"column":130}},"667":{"start":{"line":1137,"column":33},"end":{"line":1137,"column":129}},"668":{"start":{"line":1140,"column":16},"end":{"line":1142,"column":18}},"669":{"start":{"line":1141,"column":20},"end":{"line":1141,"column":129}},"670":{"start":{"line":1141,"column":33},"end":{"line":1141,"column":128}},"671":{"start":{"line":1144,"column":16},"end":{"line":1156,"column":18}},"672":{"start":{"line":1145,"column":20},"end":{"line":1154,"column":21}},"673":{"start":{"line":1147,"column":24},"end":{"line":1147,"column":92}},"674":{"start":{"line":1149,"column":24},"end":{"line":1149,"column":48}},"675":{"start":{"line":1152,"column":24},"end":{"line":1152,"column":67}},"676":{"start":{"line":1153,"column":24},"end":{"line":1153,"column":106}},"677":{"start":{"line":1161,"column":12},"end":{"line":1338,"column":14}},"678":{"start":{"line":1164,"column":16},"end":{"line":1175,"column":18}},"679":{"start":{"line":1166,"column":20},"end":{"line":1166,"column":110}},"680":{"start":{"line":1168,"column":20},"end":{"line":1168,"column":114}},"681":{"start":{"line":1170,"column":20},"end":{"line":1170,"column":200}},"682":{"start":{"line":1172,"column":20},"end":{"line":1172,"column":37}},"683":{"start":{"line":1173,"column":20},"end":{"line":1173,"column":38}},"684":{"start":{"line":1174,"column":20},"end":{"line":1174,"column":40}},"685":{"start":{"line":1177,"column":16},"end":{"line":1192,"column":18}},"686":{"start":{"line":1178,"column":20},"end":{"line":1178,"column":81}},"687":{"start":{"line":1180,"column":32},"end":{"line":1180,"column":86}},"688":{"start":{"line":1182,"column":38},"end":{"line":1182,"column":58}},"689":{"start":{"line":1184,"column":20},"end":{"line":1184,"column":56}},"690":{"start":{"line":1186,"column":39},"end":{"line":1186,"column":48}},"691":{"start":{"line":1188,"column":20},"end":{"line":1188,"column":76}},"692":{"start":{"line":1190,"column":20},"end":{"line":1190,"column":90}},"693":{"start":{"line":1194,"column":16},"end":{"line":1215,"column":18}},"694":{"start":{"line":1196,"column":37},"end":{"line":1196,"column":45}},"695":{"start":{"line":1198,"column":20},"end":{"line":1198,"column":81}},"696":{"start":{"line":1200,"column":20},"end":{"line":1200,"column":74}},"697":{"start":{"line":1202,"column":20},"end":{"line":1202,"column":92}},"698":{"start":{"line":1204,"column":38},"end":{"line":1204,"column":58}},"699":{"start":{"line":1206,"column":39},"end":{"line":1206,"column":48}},"700":{"start":{"line":1208,"column":20},"end":{"line":1208,"column":76}},"701":{"start":{"line":1210,"column":20},"end":{"line":1210,"column":69}},"702":{"start":{"line":1212,"column":20},"end":{"line":1212,"column":83}},"703":{"start":{"line":1217,"column":16},"end":{"line":1236,"column":18}},"704":{"start":{"line":1219,"column":37},"end":{"line":1219,"column":45}},"705":{"start":{"line":1221,"column":20},"end":{"line":1221,"column":81}},"706":{"start":{"line":1223,"column":20},"end":{"line":1223,"column":74}},"707":{"start":{"line":1225,"column":20},"end":{"line":1225,"column":92}},"708":{"start":{"line":1227,"column":38},"end":{"line":1227,"column":58}},"709":{"start":{"line":1229,"column":39},"end":{"line":1229,"column":48}},"710":{"start":{"line":1231,"column":20},"end":{"line":1231,"column":76}},"711":{"start":{"line":1233,"column":20},"end":{"line":1233,"column":69}},"712":{"start":{"line":1238,"column":16},"end":{"line":1240,"column":18}},"713":{"start":{"line":1239,"column":20},"end":{"line":1239,"column":154}},"714":{"start":{"line":1239,"column":33},"end":{"line":1239,"column":153}},"715":{"start":{"line":1241,"column":16},"end":{"line":1243,"column":18}},"716":{"start":{"line":1242,"column":20},"end":{"line":1242,"column":149}},"717":{"start":{"line":1242,"column":33},"end":{"line":1242,"column":148}},"718":{"start":{"line":1244,"column":16},"end":{"line":1246,"column":18}},"719":{"start":{"line":1245,"column":20},"end":{"line":1245,"column":149}},"720":{"start":{"line":1245,"column":33},"end":{"line":1245,"column":148}},"721":{"start":{"line":1247,"column":16},"end":{"line":1249,"column":18}},"722":{"start":{"line":1248,"column":20},"end":{"line":1248,"column":147}},"723":{"start":{"line":1248,"column":33},"end":{"line":1248,"column":146}},"724":{"start":{"line":1250,"column":16},"end":{"line":1252,"column":18}},"725":{"start":{"line":1251,"column":20},"end":{"line":1251,"column":151}},"726":{"start":{"line":1251,"column":33},"end":{"line":1251,"column":150}},"727":{"start":{"line":1253,"column":16},"end":{"line":1255,"column":18}},"728":{"start":{"line":1254,"column":20},"end":{"line":1254,"column":146}},"729":{"start":{"line":1254,"column":33},"end":{"line":1254,"column":145}},"730":{"start":{"line":1256,"column":16},"end":{"line":1258,"column":18}},"731":{"start":{"line":1257,"column":20},"end":{"line":1257,"column":146}},"732":{"start":{"line":1257,"column":33},"end":{"line":1257,"column":145}},"733":{"start":{"line":1259,"column":16},"end":{"line":1261,"column":18}},"734":{"start":{"line":1260,"column":20},"end":{"line":1260,"column":144}},"735":{"start":{"line":1260,"column":33},"end":{"line":1260,"column":143}},"736":{"start":{"line":1263,"column":16},"end":{"line":1275,"column":18}},"737":{"start":{"line":1264,"column":20},"end":{"line":1273,"column":21}},"738":{"start":{"line":1266,"column":24},"end":{"line":1266,"column":115}},"739":{"start":{"line":1268,"column":24},"end":{"line":1268,"column":48}},"740":{"start":{"line":1271,"column":24},"end":{"line":1271,"column":59}},"741":{"start":{"line":1272,"column":24},"end":{"line":1272,"column":84}},"742":{"start":{"line":1277,"column":16},"end":{"line":1294,"column":18}},"743":{"start":{"line":1279,"column":20},"end":{"line":1279,"column":81}},"744":{"start":{"line":1281,"column":20},"end":{"line":1281,"column":74}},"745":{"start":{"line":1283,"column":20},"end":{"line":1283,"column":80}},"746":{"start":{"line":1285,"column":38},"end":{"line":1285,"column":58}},"747":{"start":{"line":1287,"column":39},"end":{"line":1287,"column":48}},"748":{"start":{"line":1289,"column":20},"end":{"line":1289,"column":76}},"749":{"start":{"line":1291,"column":20},"end":{"line":1291,"column":69}},"750":{"start":{"line":1296,"column":16},"end":{"line":1311,"column":18}},"751":{"start":{"line":1297,"column":37},"end":{"line":1297,"column":207}},"752":{"start":{"line":1298,"column":34},"end":{"line":1298,"column":120}},"753":{"start":{"line":1299,"column":20},"end":{"line":1299,"column":38}},"754":{"start":{"line":1300,"column":20},"end":{"line":1300,"column":40}},"755":{"start":{"line":1301,"column":20},"end":{"line":1309,"column":21}},"756":{"start":{"line":1302,"column":24},"end":{"line":1302,"column":79}},"757":{"start":{"line":1304,"column":24},"end":{"line":1304,"column":48}},"758":{"start":{"line":1307,"column":24},"end":{"line":1307,"column":67}},"759":{"start":{"line":1313,"column":16},"end":{"line":1315,"column":18}},"760":{"start":{"line":1314,"column":20},"end":{"line":1314,"column":133}},"761":{"start":{"line":1314,"column":33},"end":{"line":1314,"column":132}},"762":{"start":{"line":1317,"column":16},"end":{"line":1319,"column":18}},"763":{"start":{"line":1318,"column":20},"end":{"line":1318,"column":131}},"764":{"start":{"line":1318,"column":33},"end":{"line":1318,"column":130}},"765":{"start":{"line":1321,"column":16},"end":{"line":1323,"column":18}},"766":{"start":{"line":1322,"column":20},"end":{"line":1322,"column":125}},"767":{"start":{"line":1322,"column":33},"end":{"line":1322,"column":124}},"768":{"start":{"line":1325,"column":16},"end":{"line":1327,"column":18}},"769":{"start":{"line":1326,"column":20},"end":{"line":1326,"column":126}},"770":{"start":{"line":1326,"column":33},"end":{"line":1326,"column":125}},"771":{"start":{"line":1329,"column":16},"end":{"line":1331,"column":18}},"772":{"start":{"line":1330,"column":20},"end":{"line":1330,"column":131}},"773":{"start":{"line":1330,"column":33},"end":{"line":1330,"column":130}},"774":{"start":{"line":1333,"column":16},"end":{"line":1335,"column":18}},"775":{"start":{"line":1334,"column":20},"end":{"line":1334,"column":131}},"776":{"start":{"line":1334,"column":33},"end":{"line":1334,"column":130}},"777":{"start":{"line":1347,"column":4},"end":{"line":1484,"column":6}},"778":{"start":{"line":1350,"column":8},"end":{"line":1374,"column":10}},"779":{"start":{"line":1351,"column":12},"end":{"line":1351,"column":102}},"780":{"start":{"line":1353,"column":12},"end":{"line":1353,"column":111}},"781":{"start":{"line":1355,"column":12},"end":{"line":1355,"column":115}},"782":{"start":{"line":1357,"column":12},"end":{"line":1357,"column":223}},"783":{"start":{"line":1359,"column":12},"end":{"line":1359,"column":215}},"784":{"start":{"line":1361,"column":12},"end":{"line":1361,"column":181}},"785":{"start":{"line":1363,"column":12},"end":{"line":1363,"column":215}},"786":{"start":{"line":1367,"column":12},"end":{"line":1367,"column":29}},"787":{"start":{"line":1368,"column":12},"end":{"line":1368,"column":32}},"788":{"start":{"line":1369,"column":12},"end":{"line":1369,"column":33}},"789":{"start":{"line":1370,"column":12},"end":{"line":1370,"column":33}},"790":{"start":{"line":1371,"column":12},"end":{"line":1371,"column":30}},"791":{"start":{"line":1372,"column":12},"end":{"line":1372,"column":30}},"792":{"start":{"line":1373,"column":12},"end":{"line":1373,"column":33}},"793":{"start":{"line":1376,"column":8},"end":{"line":1389,"column":10}},"794":{"start":{"line":1379,"column":29},"end":{"line":1379,"column":85}},"795":{"start":{"line":1380,"column":12},"end":{"line":1380,"column":47}},"796":{"start":{"line":1382,"column":42},"end":{"line":1382,"column":50}},"797":{"start":{"line":1384,"column":12},"end":{"line":1384,"column":52}},"798":{"start":{"line":1385,"column":12},"end":{"line":1385,"column":56}},"799":{"start":{"line":1386,"column":12},"end":{"line":1386,"column":54}},"800":{"start":{"line":1387,"column":12},"end":{"line":1387,"column":58}},"801":{"start":{"line":1392,"column":8},"end":{"line":1394,"column":10}},"802":{"start":{"line":1393,"column":12},"end":{"line":1393,"column":127}},"803":{"start":{"line":1393,"column":25},"end":{"line":1393,"column":126}},"804":{"start":{"line":1396,"column":8},"end":{"line":1398,"column":10}},"805":{"start":{"line":1397,"column":12},"end":{"line":1397,"column":121}},"806":{"start":{"line":1397,"column":25},"end":{"line":1397,"column":120}},"807":{"start":{"line":1400,"column":8},"end":{"line":1402,"column":10}},"808":{"start":{"line":1401,"column":12},"end":{"line":1401,"column":129}},"809":{"start":{"line":1401,"column":25},"end":{"line":1401,"column":128}},"810":{"start":{"line":1404,"column":8},"end":{"line":1482,"column":10}},"811":{"start":{"line":1407,"column":12},"end":{"line":1421,"column":14}},"812":{"start":{"line":1408,"column":16},"end":{"line":1408,"column":119}},"813":{"start":{"line":1410,"column":16},"end":{"line":1410,"column":136}},"814":{"start":{"line":1412,"column":16},"end":{"line":1412,"column":152}},"815":{"start":{"line":1414,"column":16},"end":{"line":1414,"column":230}},"816":{"start":{"line":1417,"column":16},"end":{"line":1417,"column":33}},"817":{"start":{"line":1418,"column":16},"end":{"line":1418,"column":34}},"818":{"start":{"line":1419,"column":16},"end":{"line":1419,"column":34}},"819":{"start":{"line":1420,"column":16},"end":{"line":1420,"column":36}},"820":{"start":{"line":1423,"column":12},"end":{"line":1433,"column":14}},"821":{"start":{"line":1426,"column":16},"end":{"line":1426,"column":88}},"822":{"start":{"line":1427,"column":33},"end":{"line":1427,"column":67}},"823":{"start":{"line":1428,"column":16},"end":{"line":1428,"column":65}},"824":{"start":{"line":1429,"column":16},"end":{"line":1429,"column":90}},"825":{"start":{"line":1436,"column":12},"end":{"line":1438,"column":14}},"826":{"start":{"line":1437,"column":16},"end":{"line":1437,"column":147}},"827":{"start":{"line":1437,"column":29},"end":{"line":1437,"column":146}},"828":{"start":{"line":1440,"column":12},"end":{"line":1442,"column":14}},"829":{"start":{"line":1441,"column":16},"end":{"line":1441,"column":146}},"830":{"start":{"line":1441,"column":29},"end":{"line":1441,"column":145}},"831":{"start":{"line":1443,"column":12},"end":{"line":1445,"column":14}},"832":{"start":{"line":1444,"column":16},"end":{"line":1444,"column":144}},"833":{"start":{"line":1444,"column":29},"end":{"line":1444,"column":143}},"834":{"start":{"line":1447,"column":12},"end":{"line":1449,"column":14}},"835":{"start":{"line":1448,"column":16},"end":{"line":1448,"column":136}},"836":{"start":{"line":1448,"column":29},"end":{"line":1448,"column":135}},"837":{"start":{"line":1451,"column":12},"end":{"line":1453,"column":14}},"838":{"start":{"line":1452,"column":16},"end":{"line":1452,"column":141}},"839":{"start":{"line":1452,"column":29},"end":{"line":1452,"column":140}},"840":{"start":{"line":1454,"column":12},"end":{"line":1456,"column":14}},"841":{"start":{"line":1455,"column":16},"end":{"line":1455,"column":140}},"842":{"start":{"line":1455,"column":29},"end":{"line":1455,"column":139}},"843":{"start":{"line":1458,"column":12},"end":{"line":1460,"column":14}},"844":{"start":{"line":1459,"column":16},"end":{"line":1459,"column":144}},"845":{"start":{"line":1459,"column":29},"end":{"line":1459,"column":143}},"846":{"start":{"line":1462,"column":12},"end":{"line":1464,"column":14}},"847":{"start":{"line":1463,"column":16},"end":{"line":1463,"column":147}},"848":{"start":{"line":1463,"column":29},"end":{"line":1463,"column":146}},"849":{"start":{"line":1465,"column":12},"end":{"line":1467,"column":14}},"850":{"start":{"line":1466,"column":16},"end":{"line":1466,"column":146}},"851":{"start":{"line":1466,"column":29},"end":{"line":1466,"column":145}},"852":{"start":{"line":1469,"column":12},"end":{"line":1481,"column":14}},"853":{"start":{"line":1470,"column":16},"end":{"line":1479,"column":17}},"854":{"start":{"line":1472,"column":20},"end":{"line":1472,"column":129}},"855":{"start":{"line":1474,"column":20},"end":{"line":1474,"column":44}},"856":{"start":{"line":1477,"column":20},"end":{"line":1477,"column":55}},"857":{"start":{"line":1478,"column":20},"end":{"line":1478,"column":80}},"858":{"start":{"line":1487,"column":4},"end":{"line":1925,"column":6}},"859":{"start":{"line":1488,"column":8},"end":{"line":1829,"column":10}},"860":{"start":{"line":1491,"column":12},"end":{"line":1501,"column":14}},"861":{"start":{"line":1492,"column":16},"end":{"line":1492,"column":106}},"862":{"start":{"line":1493,"column":16},"end":{"line":1493,"column":110}},"863":{"start":{"line":1495,"column":16},"end":{"line":1495,"column":196}},"864":{"start":{"line":1499,"column":16},"end":{"line":1499,"column":33}},"865":{"start":{"line":1500,"column":16},"end":{"line":1500,"column":36}},"866":{"start":{"line":1503,"column":12},"end":{"line":1520,"column":14}},"867":{"start":{"line":1504,"column":29},"end":{"line":1504,"column":39}},"868":{"start":{"line":1506,"column":16},"end":{"line":1506,"column":98}},"869":{"start":{"line":1508,"column":33},"end":{"line":1508,"column":53}},"870":{"start":{"line":1510,"column":16},"end":{"line":1510,"column":51}},"871":{"start":{"line":1512,"column":35},"end":{"line":1512,"column":43}},"872":{"start":{"line":1514,"column":16},"end":{"line":1514,"column":72}},"873":{"start":{"line":1517,"column":16},"end":{"line":1517,"column":63}},"874":{"start":{"line":1522,"column":12},"end":{"line":1524,"column":14}},"875":{"start":{"line":1523,"column":16},"end":{"line":1523,"column":157}},"876":{"start":{"line":1523,"column":29},"end":{"line":1523,"column":156}},"877":{"start":{"line":1525,"column":12},"end":{"line":1527,"column":14}},"878":{"start":{"line":1526,"column":16},"end":{"line":1526,"column":154}},"879":{"start":{"line":1526,"column":29},"end":{"line":1526,"column":153}},"880":{"start":{"line":1529,"column":12},"end":{"line":1531,"column":14}},"881":{"start":{"line":1530,"column":16},"end":{"line":1530,"column":153}},"882":{"start":{"line":1530,"column":29},"end":{"line":1530,"column":152}},"883":{"start":{"line":1532,"column":12},"end":{"line":1534,"column":14}},"884":{"start":{"line":1533,"column":16},"end":{"line":1533,"column":146}},"885":{"start":{"line":1533,"column":29},"end":{"line":1533,"column":145}},"886":{"start":{"line":1536,"column":12},"end":{"line":1538,"column":14}},"887":{"start":{"line":1537,"column":16},"end":{"line":1537,"column":146}},"888":{"start":{"line":1537,"column":29},"end":{"line":1537,"column":145}},"889":{"start":{"line":1539,"column":12},"end":{"line":1541,"column":14}},"890":{"start":{"line":1540,"column":16},"end":{"line":1540,"column":150}},"891":{"start":{"line":1540,"column":29},"end":{"line":1540,"column":149}},"892":{"start":{"line":1543,"column":12},"end":{"line":1545,"column":14}},"893":{"start":{"line":1544,"column":16},"end":{"line":1544,"column":144}},"894":{"start":{"line":1544,"column":29},"end":{"line":1544,"column":143}},"895":{"start":{"line":1546,"column":12},"end":{"line":1548,"column":14}},"896":{"start":{"line":1547,"column":16},"end":{"line":1547,"column":144}},"897":{"start":{"line":1547,"column":29},"end":{"line":1547,"column":143}},"898":{"start":{"line":1549,"column":12},"end":{"line":1551,"column":14}},"899":{"start":{"line":1550,"column":16},"end":{"line":1550,"column":153}},"900":{"start":{"line":1550,"column":29},"end":{"line":1550,"column":152}},"901":{"start":{"line":1552,"column":12},"end":{"line":1554,"column":14}},"902":{"start":{"line":1553,"column":16},"end":{"line":1553,"column":157}},"903":{"start":{"line":1553,"column":29},"end":{"line":1553,"column":156}},"904":{"start":{"line":1556,"column":12},"end":{"line":1558,"column":14}},"905":{"start":{"line":1557,"column":16},"end":{"line":1557,"column":151}},"906":{"start":{"line":1557,"column":29},"end":{"line":1557,"column":150}},"907":{"start":{"line":1559,"column":12},"end":{"line":1561,"column":14}},"908":{"start":{"line":1560,"column":16},"end":{"line":1560,"column":151}},"909":{"start":{"line":1560,"column":29},"end":{"line":1560,"column":150}},"910":{"start":{"line":1563,"column":12},"end":{"line":1575,"column":14}},"911":{"start":{"line":1564,"column":16},"end":{"line":1573,"column":17}},"912":{"start":{"line":1566,"column":20},"end":{"line":1566,"column":147}},"913":{"start":{"line":1568,"column":20},"end":{"line":1568,"column":44}},"914":{"start":{"line":1571,"column":20},"end":{"line":1571,"column":63}},"915":{"start":{"line":1572,"column":20},"end":{"line":1572,"column":102}},"916":{"start":{"line":1577,"column":12},"end":{"line":1589,"column":14}},"917":{"start":{"line":1578,"column":16},"end":{"line":1587,"column":17}},"918":{"start":{"line":1580,"column":20},"end":{"line":1580,"column":147}},"919":{"start":{"line":1582,"column":20},"end":{"line":1582,"column":44}},"920":{"start":{"line":1585,"column":20},"end":{"line":1585,"column":55}},"921":{"start":{"line":1586,"column":20},"end":{"line":1586,"column":87}},"922":{"start":{"line":1591,"column":12},"end":{"line":1603,"column":14}},"923":{"start":{"line":1592,"column":16},"end":{"line":1601,"column":17}},"924":{"start":{"line":1594,"column":20},"end":{"line":1594,"column":132}},"925":{"start":{"line":1596,"column":20},"end":{"line":1596,"column":44}},"926":{"start":{"line":1599,"column":20},"end":{"line":1599,"column":55}},"927":{"start":{"line":1600,"column":20},"end":{"line":1600,"column":80}},"928":{"start":{"line":1607,"column":12},"end":{"line":1628,"column":14}},"929":{"start":{"line":1608,"column":29},"end":{"line":1608,"column":39}},"930":{"start":{"line":1610,"column":16},"end":{"line":1610,"column":98}},"931":{"start":{"line":1612,"column":33},"end":{"line":1612,"column":53}},"932":{"start":{"line":1614,"column":16},"end":{"line":1614,"column":51}},"933":{"start":{"line":1616,"column":35},"end":{"line":1616,"column":43}},"934":{"start":{"line":1618,"column":16},"end":{"line":1618,"column":72}},"935":{"start":{"line":1621,"column":16},"end":{"line":1621,"column":63}},"936":{"start":{"line":1623,"column":16},"end":{"line":1623,"column":63}},"937":{"start":{"line":1625,"column":34},"end":{"line":1625,"column":54}},"938":{"start":{"line":1627,"column":16},"end":{"line":1627,"column":52}},"939":{"start":{"line":1630,"column":12},"end":{"line":1642,"column":14}},"940":{"start":{"line":1631,"column":16},"end":{"line":1640,"column":17}},"941":{"start":{"line":1633,"column":20},"end":{"line":1633,"column":82}},"942":{"start":{"line":1635,"column":20},"end":{"line":1635,"column":44}},"943":{"start":{"line":1638,"column":20},"end":{"line":1638,"column":63}},"944":{"start":{"line":1639,"column":20},"end":{"line":1639,"column":102}},"945":{"start":{"line":1646,"column":12},"end":{"line":1726,"column":14}},"946":{"start":{"line":1649,"column":16},"end":{"line":1667,"column":18}},"947":{"start":{"line":1651,"column":20},"end":{"line":1651,"column":204}},"948":{"start":{"line":1653,"column":20},"end":{"line":1653,"column":130}},"949":{"start":{"line":1655,"column":20},"end":{"line":1655,"column":105}},"950":{"start":{"line":1657,"column":20},"end":{"line":1657,"column":106}},"951":{"start":{"line":1662,"column":20},"end":{"line":1662,"column":37}},"952":{"start":{"line":1663,"column":20},"end":{"line":1663,"column":40}},"953":{"start":{"line":1664,"column":20},"end":{"line":1664,"column":41}},"954":{"start":{"line":1665,"column":20},"end":{"line":1665,"column":41}},"955":{"start":{"line":1666,"column":20},"end":{"line":1666,"column":41}},"956":{"start":{"line":1669,"column":16},"end":{"line":1688,"column":18}},"957":{"start":{"line":1671,"column":37},"end":{"line":1671,"column":80}},"958":{"start":{"line":1673,"column":20},"end":{"line":1673,"column":55}},"959":{"start":{"line":1675,"column":50},"end":{"line":1675,"column":58}},"960":{"start":{"line":1677,"column":20},"end":{"line":1677,"column":76}},"961":{"start":{"line":1680,"column":20},"end":{"line":1680,"column":67}},"962":{"start":{"line":1682,"column":20},"end":{"line":1682,"column":77}},"963":{"start":{"line":1685,"column":20},"end":{"line":1685,"column":65}},"964":{"start":{"line":1690,"column":16},"end":{"line":1692,"column":18}},"965":{"start":{"line":1691,"column":20},"end":{"line":1691,"column":119}},"966":{"start":{"line":1691,"column":33},"end":{"line":1691,"column":118}},"967":{"start":{"line":1693,"column":16},"end":{"line":1695,"column":18}},"968":{"start":{"line":1694,"column":20},"end":{"line":1694,"column":115}},"969":{"start":{"line":1694,"column":33},"end":{"line":1694,"column":114}},"970":{"start":{"line":1696,"column":16},"end":{"line":1698,"column":18}},"971":{"start":{"line":1697,"column":20},"end":{"line":1697,"column":125}},"972":{"start":{"line":1697,"column":33},"end":{"line":1697,"column":124}},"973":{"start":{"line":1701,"column":16},"end":{"line":1714,"column":18}},"974":{"start":{"line":1703,"column":36},"end":{"line":1703,"column":80}},"975":{"start":{"line":1706,"column":20},"end":{"line":1706,"column":75}},"976":{"start":{"line":1709,"column":20},"end":{"line":1709,"column":66}},"977":{"start":{"line":1711,"column":20},"end":{"line":1711,"column":77}},"978":{"start":{"line":1716,"column":16},"end":{"line":1718,"column":18}},"979":{"start":{"line":1717,"column":20},"end":{"line":1717,"column":119}},"980":{"start":{"line":1717,"column":33},"end":{"line":1717,"column":118}},"981":{"start":{"line":1719,"column":16},"end":{"line":1721,"column":18}},"982":{"start":{"line":1720,"column":20},"end":{"line":1720,"column":115}},"983":{"start":{"line":1720,"column":33},"end":{"line":1720,"column":114}},"984":{"start":{"line":1722,"column":16},"end":{"line":1724,"column":18}},"985":{"start":{"line":1723,"column":20},"end":{"line":1723,"column":125}},"986":{"start":{"line":1723,"column":33},"end":{"line":1723,"column":124}},"987":{"start":{"line":1728,"column":12},"end":{"line":1778,"column":14}},"988":{"start":{"line":1731,"column":16},"end":{"line":1745,"column":18}},"989":{"start":{"line":1733,"column":20},"end":{"line":1733,"column":115}},"990":{"start":{"line":1735,"column":20},"end":{"line":1735,"column":231}},"991":{"start":{"line":1737,"column":20},"end":{"line":1737,"column":108}},"992":{"start":{"line":1739,"column":20},"end":{"line":1739,"column":105}},"993":{"start":{"line":1741,"column":20},"end":{"line":1741,"column":38}},"994":{"start":{"line":1742,"column":20},"end":{"line":1742,"column":41}},"995":{"start":{"line":1743,"column":20},"end":{"line":1743,"column":41}},"996":{"start":{"line":1744,"column":20},"end":{"line":1744,"column":41}},"997":{"start":{"line":1747,"column":16},"end":{"line":1756,"column":18}},"998":{"start":{"line":1749,"column":20},"end":{"line":1749,"column":68}},"999":{"start":{"line":1751,"column":36},"end":{"line":1751,"column":71}},"1000":{"start":{"line":1753,"column":20},"end":{"line":1753,"column":64}},"1001":{"start":{"line":1755,"column":20},"end":{"line":1755,"column":78}},"1002":{"start":{"line":1758,"column":16},"end":{"line":1760,"column":18}},"1003":{"start":{"line":1759,"column":20},"end":{"line":1759,"column":126}},"1004":{"start":{"line":1759,"column":33},"end":{"line":1759,"column":125}},"1005":{"start":{"line":1761,"column":16},"end":{"line":1763,"column":18}},"1006":{"start":{"line":1762,"column":20},"end":{"line":1762,"column":123}},"1007":{"start":{"line":1762,"column":33},"end":{"line":1762,"column":122}},"1008":{"start":{"line":1765,"column":16},"end":{"line":1767,"column":18}},"1009":{"start":{"line":1766,"column":20},"end":{"line":1766,"column":114}},"1010":{"start":{"line":1766,"column":33},"end":{"line":1766,"column":113}},"1011":{"start":{"line":1768,"column":16},"end":{"line":1770,"column":18}},"1012":{"start":{"line":1769,"column":20},"end":{"line":1769,"column":118}},"1013":{"start":{"line":1769,"column":33},"end":{"line":1769,"column":117}},"1014":{"start":{"line":1771,"column":16},"end":{"line":1773,"column":18}},"1015":{"start":{"line":1772,"column":20},"end":{"line":1772,"column":122}},"1016":{"start":{"line":1772,"column":33},"end":{"line":1772,"column":121}},"1017":{"start":{"line":1774,"column":16},"end":{"line":1776,"column":18}},"1018":{"start":{"line":1775,"column":20},"end":{"line":1775,"column":126}},"1019":{"start":{"line":1775,"column":33},"end":{"line":1775,"column":125}},"1020":{"start":{"line":1780,"column":12},"end":{"line":1827,"column":14}},"1021":{"start":{"line":1783,"column":16},"end":{"line":1797,"column":18}},"1022":{"start":{"line":1785,"column":20},"end":{"line":1785,"column":115}},"1023":{"start":{"line":1787,"column":20},"end":{"line":1787,"column":231}},"1024":{"start":{"line":1789,"column":20},"end":{"line":1789,"column":131}},"1025":{"start":{"line":1791,"column":20},"end":{"line":1791,"column":105}},"1026":{"start":{"line":1793,"column":20},"end":{"line":1793,"column":38}},"1027":{"start":{"line":1794,"column":20},"end":{"line":1794,"column":41}},"1028":{"start":{"line":1795,"column":20},"end":{"line":1795,"column":41}},"1029":{"start":{"line":1796,"column":20},"end":{"line":1796,"column":41}},"1030":{"start":{"line":1799,"column":16},"end":{"line":1806,"column":18}},"1031":{"start":{"line":1801,"column":20},"end":{"line":1801,"column":70}},"1032":{"start":{"line":1803,"column":36},"end":{"line":1803,"column":71}},"1033":{"start":{"line":1805,"column":20},"end":{"line":1805,"column":64}},"1034":{"start":{"line":1807,"column":16},"end":{"line":1809,"column":18}},"1035":{"start":{"line":1808,"column":20},"end":{"line":1808,"column":128}},"1036":{"start":{"line":1808,"column":33},"end":{"line":1808,"column":127}},"1037":{"start":{"line":1810,"column":16},"end":{"line":1812,"column":18}},"1038":{"start":{"line":1811,"column":20},"end":{"line":1811,"column":125}},"1039":{"start":{"line":1811,"column":33},"end":{"line":1811,"column":124}},"1040":{"start":{"line":1814,"column":16},"end":{"line":1816,"column":18}},"1041":{"start":{"line":1815,"column":20},"end":{"line":1815,"column":116}},"1042":{"start":{"line":1815,"column":33},"end":{"line":1815,"column":115}},"1043":{"start":{"line":1817,"column":16},"end":{"line":1819,"column":18}},"1044":{"start":{"line":1818,"column":20},"end":{"line":1818,"column":120}},"1045":{"start":{"line":1818,"column":33},"end":{"line":1818,"column":119}},"1046":{"start":{"line":1820,"column":16},"end":{"line":1822,"column":18}},"1047":{"start":{"line":1821,"column":20},"end":{"line":1821,"column":124}},"1048":{"start":{"line":1821,"column":33},"end":{"line":1821,"column":123}},"1049":{"start":{"line":1823,"column":16},"end":{"line":1825,"column":18}},"1050":{"start":{"line":1824,"column":20},"end":{"line":1824,"column":128}},"1051":{"start":{"line":1824,"column":33},"end":{"line":1824,"column":127}},"1052":{"start":{"line":1831,"column":8},"end":{"line":1882,"column":10}},"1053":{"start":{"line":1834,"column":12},"end":{"line":1859,"column":14}},"1054":{"start":{"line":1836,"column":16},"end":{"line":1836,"column":107}},"1055":{"start":{"line":1838,"column":16},"end":{"line":1838,"column":111}},"1056":{"start":{"line":1840,"column":16},"end":{"line":1840,"column":199}},"1057":{"start":{"line":1842,"column":16},"end":{"line":1842,"column":201}},"1058":{"start":{"line":1844,"column":16},"end":{"line":1844,"column":153}},"1059":{"start":{"line":1845,"column":16},"end":{"line":1845,"column":149}},"1060":{"start":{"line":1846,"column":16},"end":{"line":1846,"column":150}},"1061":{"start":{"line":1847,"column":16},"end":{"line":1847,"column":151}},"1062":{"start":{"line":1848,"column":16},"end":{"line":1848,"column":150}},"1063":{"start":{"line":1850,"column":16},"end":{"line":1850,"column":33}},"1064":{"start":{"line":1851,"column":16},"end":{"line":1851,"column":34}},"1065":{"start":{"line":1852,"column":16},"end":{"line":1852,"column":36}},"1066":{"start":{"line":1853,"column":16},"end":{"line":1853,"column":37}},"1067":{"start":{"line":1854,"column":16},"end":{"line":1854,"column":37}},"1068":{"start":{"line":1855,"column":16},"end":{"line":1855,"column":37}},"1069":{"start":{"line":1856,"column":16},"end":{"line":1856,"column":37}},"1070":{"start":{"line":1857,"column":16},"end":{"line":1857,"column":37}},"1071":{"start":{"line":1858,"column":16},"end":{"line":1858,"column":37}},"1072":{"start":{"line":1861,"column":12},"end":{"line":1872,"column":14}},"1073":{"start":{"line":1863,"column":33},"end":{"line":1863,"column":75}},"1074":{"start":{"line":1865,"column":16},"end":{"line":1865,"column":51}},"1075":{"start":{"line":1867,"column":47},"end":{"line":1867,"column":55}},"1076":{"start":{"line":1869,"column":16},"end":{"line":1869,"column":61}},"1077":{"start":{"line":1870,"column":16},"end":{"line":1870,"column":61}},"1078":{"start":{"line":1873,"column":12},"end":{"line":1875,"column":14}},"1079":{"start":{"line":1874,"column":16},"end":{"line":1874,"column":109}},"1080":{"start":{"line":1874,"column":29},"end":{"line":1874,"column":108}},"1081":{"start":{"line":1876,"column":12},"end":{"line":1878,"column":14}},"1082":{"start":{"line":1877,"column":16},"end":{"line":1877,"column":97}},"1083":{"start":{"line":1877,"column":29},"end":{"line":1877,"column":96}},"1084":{"start":{"line":1879,"column":12},"end":{"line":1881,"column":14}},"1085":{"start":{"line":1880,"column":16},"end":{"line":1880,"column":106}},"1086":{"start":{"line":1880,"column":29},"end":{"line":1880,"column":105}},"1087":{"start":{"line":1883,"column":8},"end":{"line":1924,"column":10}},"1088":{"start":{"line":1886,"column":12},"end":{"line":1891,"column":14}},"1089":{"start":{"line":1888,"column":16},"end":{"line":1888,"column":107}},"1090":{"start":{"line":1
[...]
}},{"start":{"line":1167,"column":36},"end":{"line":1167,"column":71}}],"line":1167},"180":{"loc":{"start":{"line":1168,"column":20},"end":{"line":1168,"column":53}},"type":"binary-expr","locations":[{"start":{"line":1168,"column":20},"end":{"line":1168,"column":31}},{"start":{"line":1168,"column":35},"end":{"line":1168,"column":53}}],"line":1168},"181":{"loc":{"start":{"line":1169,"column":20},"end":{"line":1169,"column":53}},"type":"binary-expr","locations":[{"start":{"line":1169,"column":20},"end":{"line":1169,"column":31}},{"start":{"line":1169,"column":35},"end":{"line":1169,"column":53}}],"line":1169},"182":{"loc":{"start":{"line":1181,"column":20},"end":{"line":1185,"column":21}},"type":"if","locations":[{"start":{"line":1181,"column":20},"end":{"line":1185,"column":21}},{"start":{"line":1181,"column":20},"end":{"line":1185,"column":21}}],"line":1181},"183":{"loc":{"start":{"line":1181,"column":24},"end":{"line":1181,"column":134}},"type":"binary-expr","locations":[{"start":{"line":1181,"column":24},"end":{"line":1181,"column":73}},{"start":{"line":1181,"column":77},"end":{"line":1181,"column":134}}],"line":1181}},"s":{"0":1,"1":1,"2":1,"3":1,"4":1,"5":1,"6":1,"7":2,"8":11,"9":1,"10":10,"11":0,"12":10,"13":0,"14":10,"15":0,"16":10,"17":2,"18":8,"19":2,"20":6,"21":2,"22":4,"23":2,"24":2,"25":2,"26":2,"27":2,"28":1,"29":1,"30":1,"31":6,"32":1,"33":5,"34":1,"35":4,"36":1,"37":3,"38":1,"39":2,"40":2,"41":2,"42":1,"43":1,"44":5,"45":1,"46":4,"47":2,"48":2,"49":2,"50":2,"51":2,"52":1,"53":1,"54":1,"55":5,"56":1,"57":4,"58":2,"59":2,"60":2,"61":2,"62":1,"63":1,"64":1,"65":9,"66":5,"67":5,"68":5,"69":1,"70":4,"71":4,"72":4,"73":4,"74":4,"75":2,"76":0,"77":2,"78":0,"79":2,"80":0,"81":2,"82":0,"83":2,"84":0,"85":2,"86":0,"87":2,"88":0,"89":2,"90":0,"91":2,"92":0,"93":2,"94":0,"95":2,"96":0,"97":2,"98":2,"99":2,"100":1,"101":1,"102":1,"103":2,"104":0,"105":2,"106":0,"107":2,"108":0,"109":2,"110":0,"111":2,"112":2,"113":2,"114":1,"115":1,"116":1,"117":2,"118":0,"119":2,"120":0,"121":2,"122":2,"123":2,"124":1,"125":1,"126":1,"127":2,"128":2,"129":2,"130":2,"131":2,"132":1,"133":2,"134":0,"135":2,"136":0,"137":2,"138":2,"139":2,"140":1,"141":1,"142":1,"143":3,"144":3,"145":3,"146":3,"147":3,"148":1,"149":2,"150":0,"151":2,"152":0,"153":2,"154":0,"155":2,"156":0,"157":2,"158":0,"159":2,"160":0,"161":2,"162":2,"163":2,"164":1,"165":1,"166":1,"167":1,"168":4,"169":0,"170":4,"171":0,"172":4,"173":0,"174":4,"175":0,"176":4,"177":4,"178":4,"179":1,"180":3,"181":1,"182":0,"183":1,"184":0,"185":1,"186":1,"187":1,"188":0,"189":1,"190":1,"191":2,"192":2,"193":2,"194":2,"195":2,"196":1,"197":3,"198":0,"199":3,"200":0,"201":3,"202":0,"203":3,"204":0,"205":3,"206":3,"207":3,"208":1,"209":2,"210":2,"211":1,"212":1,"213":2,"214":0,"215":2,"216":0,"217":2,"218":0,"219":2,"220":0,"221":2,"222":2,"223":2,"224":1,"225":1,"226":1,"227":1,"228":1,"229":1,"230":1,"231":1,"232":1,"233":1,"234":1,"235":1,"236":1,"237":1,"238":1,"239":1,"240":1,"241":1,"242":5,"243":0,"244":5,"245":0,"246":5,"247":0,"248":5,"249":0,"250":5,"251":5,"252":5,"253":0,"254":5,"255":5,"256":1,"257":4,"258":0,"259":4,"260":1,"261":0,"262":1,"263":0,"264":1,"265":0,"266":1,"267":0,"268":1,"269":1,"270":1,"271":1,"272":3,"273":0,"274":3,"275":0,"276":3,"277":0,"278":3,"279":0,"280":3,"281":3,"282":3,"283":3,"284":1,"285":2,"286":1,"287":1,"288":1,"289":1,"290":0,"291":1,"292":0,"293":1,"294":1,"295":1,"296":1,"297":1,"298":2,"299":2,"300":2,"301":1,"302":2,"303":0,"304":2,"305":0,"306":2,"307":0,"308":2,"309":0,"310":2,"311":2,"312":2,"313":1,"314":1,"315":1,"316":5,"317":0,"318":5,"319":0,"320":5,"321":0,"322":5,"323":0,"324":5,"325":0,"326":5,"327":0,"328":5,"329":0,"330":5,"331":0,"332":5,"333":1,"334":4,"335":4,"336":4,"337":4,"338":1,"339":3,"340":1,"341":2,"342":2,"343":2,"344":0,"345":2,"346":0,"347":2,"348":0,"349":2,"350":0,"351":2,"352":2,"353":2,"354":1,"355":1,"356":1,"357":0,"358":1,"359":1,"360":0,"361":1,"362":0,"363":1,"364":1,"365":1,"366":2,"367":2,"368":2,"369":2,"370":2,"371":1,"372":2,"373":1,"374":1,"375":0,"376":1,"377":0,"378":1,"379":1,"380":1,"381":1,"382":1,"383":1,"384":1,"385":1,"386":1,"387":0,"388":1,"389":0,"390":1,"391":0,"392":1,"393":0,"394":1,"395":1,"396":1,"397":1,"398":0,"399":1,"400":0,"401":1,"402":0,"403":1,"404":0,"405":1,"406":1,"407":1,"408":1,"409":0,"410":1,"411":0,"412":1,"413":1,"414":1,"415":1,"416":3,"417":3,"418":3,"419":3,"420":3,"421":3,"422":1,"423":3,"424":0,"425":3,"426":0,"427":3,"428":0,"429":3,"430":0,"431":3,"432":3,"433":8,"434":3,"435":3,"436":3,"437":3,"438":2,"439":2,"440":3,"441":1,"442":3,"443":2,"444":1,"445":3,"446":2,"447":1,"448":3,"449":3,"450":3,"451":3,"452":3,"453":9,"454":9,"455":9,"456":9,"457":3,"458":8,"459":0,"460":8,"461":0,"462":8,"463":0,"464":8,"465":0,"466":8,"467":0,"468":8,"469":0,"470":8,"471":8,"472":8,"473":8,"474":8,"475":2,"476":6,"477":6,"478":5,"479":1,"480":1,"481":5,"482":0,"483":5,"484":0,"485":5,"486":5,"487":5,"488":5,"489":1,"490":4,"491":4,"492":4,"493":4,"494":4,"495":0,"496":4,"497":4,"498":2,"499":6,"500":6,"501":5,"502":1,"503":2,"504":4,"505":4,"506":16,"507":16,"508":16,"509":4,"510":4,"511":2,"512":0,"513":2,"514":0,"515":2,"516":0,"517":2,"518":0,"519":2,"520":2,"521":2,"522":2,"523":2,"524":1,"525":1,"526":1,"527":1,"528":2,"529":2,"530":2,"531":1,"532":1,"533":1,"534":1,"535":0,"536":1,"537":0,"538":1,"539":1,"540":1,"541":0,"542":1,"543":1,"544":2,"545":2,"546":2,"547":2,"548":4,"549":4,"550":4,"551":2,"552":4,"553":4,"554":4,"555":2,"556":1,"557":2,"558":2,"559":4,"560":1,"561":1,"562":1},"f":{"0":2,"1":11,"2":2,"3":6,"4":2,"5":5,"6":2,"7":5,"8":2,"9":9,"10":5,"11":2,"12":2,"13":2,"14":2,"15":2,"16":2,"17":2,"18":2,"19":2,"20":3,"21":2,"22":2,"23":4,"24":4,"25":1,"26":1,"27":2,"28":3,"29":3,"30":2,"31":2,"32":1,"33":1,"34":5,"35":5,"36":1,"37":1,"38":3,"39":3,"40":1,"41":1,"42":2,"43":2,"44":2,"45":5,"46":4,"47":2,"48":2,"49":1,"50":1,"51":2,"52":1,"53":1,"54":1,"55":1,"56":1,"57":1,"58":1,"59":1,"60":1,"61":1,"62":3,"63":3,"64":8,"65":3,"66":9,"67":8,"68":8,"69":5,"70":5,"71":16,"72":2,"73":2,"74":2,"75":1,"76":1,"77":2,"78":4,"79":4},"b":{"0":[1,10],"1":[0,10],"2":[0,10],"3":[0,10],"4":[2,8],"5":[2,6],"6":[2,4],"7":[2,2],"8":[1,1],"9":[1,5],"10":[1,4],"11":[1,3],"12":[1,2],"13":[1,1],"14":[2,1],"15":[1,4],"16":[2,2],"17":[1,1],"18":[1,4],"19":[2,2],"20":[1,1],"21":[1,4],"22":[4,4],"23":[4,3],"24":[4,2],"25":[4,1],"26":[0,2],"27":[0,2],"28":[0,2],"29":[0,2],"30":[0,2],"31":[0,2],"32":[0,2],"33":[0,2],"34":[0,2],"35":[0,2],"36":[0,2],"37":[1,1],"38":[0,2],"39":[0,2],"40":[0,2],"41":[0,2],"42":[1,1],"43":[0,2],"44":[0,2],"45":[1,1],"46":[0,2],"47":[0,2],"48":[1,1],"49":[0,2],"50":[0,2],"51":[0,2],"52":[0,2],"53":[0,2],"54":[0,2],"55":[1,1],"56":[0,4],"57":[0,4],"58":[0,4],"59":[0,4],"60":[1,3],"61":[0,1],"62":[0,1],"63":[0,1],"64":[0,3],"65":[0,3],"66":[0,3],"67":[0,3],"68":[1,2],"69":[1,1],"70":[0,2],"71":[0,2],"72":[0,2],"73":[0,2],"74":[1,1],"75":[0,5],"76":[0,5],"77":[0,5],"78":[0,5],"79":[0,5],"80":[1,4],"81":[0,4],"82":[0,1],"83":[0,1],"84":[0,1],"85":[0,1],"86":[0,3],"87":[0,3],"88":[0,3],"89":[0,3],"90":[1,2],"91":[1,1],"92":[0,1],"93":[0,1],"94":[0,2],"95":[0,2],"96":[0,2],"97":[0,2],"98":[1,1],"99":[0,5],"100":[0,5],"101":[0,5],"102":[0,5],"103":[0,5],"104":[0,5],"105":[0,5],"106":[0,5],"107":[1,4],"108":[1,3],"109":[1,2],"110":[0,2],"111":[0,2],"112":[0,2],"113":[0,2],"114":[1,1],"115":[0,1],"116":[0,1],"117":[0,1],"118":[2,0],"119":[0,1],"120":[0,1],"121":[0,1],"122":[0,1],"123":[0,1],"124":[0,1],"125":[0,1],"126":[0,1],"127":[0,1],"128":[0,1],"129":[0,1],"130":[0,1],"131":[3,2],"132":[0,3],"133":[0,3],"134":[0,3],"135":[0,3],"136":[3,3,2],"137":[1,2],"138":[1,2],"139":[3,3],"140":[2,1],"141":[2,1],"142":[0,8],"143":[0,8],"144":[0,8],"145":[0,8],"146":[0,8],"147":[0,8],"148":[2,6],"149":[8,7],"150":[5,1],"151":[0,5],"152":[0,5],"153":[1,4],"154":[4,4],"155":[4,4],"156":[0,4],"157":[2,2],"158":[5,1],"159":[6,5],"160":[16,16],"161":[16,16],"162":[16,0],"163":[0,2],"164":[0,2],"165":[0,2],"166":[0,2],"167":[1,1],"168":[2,2],"169":[2,2],"170":[2,0],"171":[0,1],"172":[0,1],"173":[0,1],"174":[2,2],"175":[2,2],"176":[4,3],"177":[4,3],"178":[4,0],"179":[4,4],"180":[4,4],"181":[4,0],"182":[1,3],"183":[4,4]},"_coverageSchema":"43e27e138ebf9cfc5966b082cf9a028302ed4184","hash":"6f9cb1bd6972ce9c1e6d7d7b6d291bd673a505d8","contentHash":"140ad169ed7202c209f92ebad09e748b"},"/Users/seandaryanani/bootcamp/collab/skylab-bootcamp-201809/staff/sean-daryanani/final-project/api/errors/index.js":{"path":"/Users/seandaryanani/bootcamp/collab/skylab-bootcamp-201809/staff/sean-daryanani/final-project/api/errors/index.js","statementMap":{"0":{"start":{"line":1,"column":27},"end":{"line":1,"column":60}},"1":{"start":{"line":2,"column":18},"end":{"line":2,"column":41}},"2":{"start":{"line":3,"column":22},"end":{"line":3,"column":50}},"3":{"start":{"line":4,"column":19},"end":{"line":4,"column":43}},"4":{"start":{"line":6,"column":0},"end":{"line":11,"column":1}}},"fnMap":{},"branchMap":{},"s":{"0":1,"1":1,"2":1,"3":1,"4":1},"f":{},"b":{},"_coverageSchema":"43e27e138ebf9cfc5966b082cf9a028302ed4184","hash":"7fefa2f0b39dbe6dd27a84eecabc4ab514f6fba8","contentHash":"330fbf350421aa9d79cbe9ad37bf54bf"},"/Users/seandaryanani/bootcamp/collab/skylab-bootcamp-201809/staff/sean-daryanani/final-project/api/errors/already-exists-error.js":{"path":"/Users/seandaryanani/bootcamp/collab/skylab-bootcamp-201809/staff/sean-daryanani/final-project/api/errors/already-exists-error.js","statementMap":{"0":{"start":{"line":3,"column":8},"end":{"line":3,"column":15}},"1":{"start":{"line":5,"column":8},"end":{"line":5,"column":55}},"2":{"start":{"line":7,"column":8},"end":{"line":7,"column":40}},"3":{"start":{"line":8,"column":8},"end":{"line":8,"column":30}},"4":{"start":{"line":10,"column":8},"end":{"line":10,"column":37}},"5":{"start":{"line":10,"column":19},"end":{"line":10,"column":37}},"6":{"start":{"line":14,"column":0},"end":{"line":14,"column":35}}},"fnMap":{"0":{"name":"(anonymous_0)","decl":{"start":{"line":2,"column":4},"end":{"line":2,"column":5}},"loc":{"start":{"line":2,"column":32},"end":{"line":11,"column":5}},"line":2}},"branchMap":{"0":{"loc":{"start":{"line":10,"column":8},"end":{"line":10,"column":37}},"type":"if","locations":[{"start":{"line":10,"column":8},"end":{"line":10,"column":37}},{"start":{"line":10,"column":8},"end":{"line":10,"column":37}}],"line":10}},"s":{"0":1,"1":1,"2":1,"3":1,"4":1,"5":0,"6":1},"f":{"0":1},"b":{"0":[0,1]},"_coverageSchema":"43e27e138ebf9cfc5966b082cf9a028302ed4184","hash":"8ac1494fc1e6e66b3a252274c6f4acdf72a22975","contentHash":"59856491bed211e98b5010e5af5a2862"},"/Users/seandaryanani/bootcamp/collab/skylab-bootcamp-201809/staff/sean-daryanani/final-project/api/errors/auth-error.js":{"path":"/Users/seandaryanani/bootcamp/collab/skylab-bootcamp-201809/staff/sean-daryanani/final-project/api/errors/auth-error.js","statementMap":{"0":{"start":{"line":3,"column":8},"end":{"line":3,"column":15}},"1":{"start":{"line":5,"column":8},"end":{"line":5,"column":55}},"2":{"start":{"line":7,"column":8},"end":{"line":7,"column":31}},"3":{"start":{"line":8,"column":8},"end":{"line":8,"column":30}},"4":{"start":{"line":10,"column":8},"end":{"line":10,"column":37}},"5":{"start":{"line":10,"column":19},"end":{"line":10,"column":37}},"6":{"start":{"line":14,"column":0},"end":{"line":14,"column":26}}},"fnMap":{"0":{"name":"(anonymous_0)","decl":{"start":{"line":2,"column":4},"end":{"line":2,"column":5}},"loc":{"start":{"line":2,"column":32},"end":{"line":11,"column":5}},"line":2}},"branchMap":{"0":{"loc":{"start":{"line":10,"column":8},"end":{"line":10,"column":37}},"type":"if","locations":[{"start":{"line":10,"column":8},"end":{"line":10,"column":37}},{"start":{"line":10,"column":8},"end":{"line":10,"column":37}}],"line":10}},"s":{"0":1,"1":1,"2":1,"3":1,"4":1,"5":0,"6":1},"f":{"0":1},"b":{"0":[0,1]},"_coverageSchema":"43e27e138ebf9cfc5966b082cf9a028302ed4184","hash":"715ef5d2edaa3e40210434e37c55c75e38e44a10","contentHash":"7eae1544eadca541a97f92a6308dc7fa"},"/Users/seandaryanani/bootcamp/collab/skylab-bootcamp-201809/staff/sean-daryanani/final-project/api/errors/not-found-error.js":{"path":"/Users/seandaryanani/bootcamp/collab/skylab-bootcamp-201809/staff/sean-daryanani/final-project/api/errors/not-found-error.js","statementMap":{"0":{"start":{"line":3,"column":8},"end":{"line":3,"column":15}},"1":{"start":{"line":5,"column":8},"end":{"line":5,"column":55}},"2":{"start":{"line":7,"column":8},"end":{"line":7,"column":35}},"3":{"start":{"line":8,"column":8},"end":{"line":8,"column":30}},"4":{"start":{"line":10,"column":8},"end":{"line":10,"column":37}},"5":{"start":{"line":10,"column":19},"end":{"line":10,"column":37}},"6":{"start":{"line":14,"column":0},"end":{"line":14,"column":30}}},"fnMap":{"0":{"name":"(anonymous_0)","decl":{"start":{"line":2,"column":4},"end":{"line":2,"column":5}},"loc":{"start":{"line":2,"column":32},"end":{"line":11,"column":5}},"line":2}},"branchMap":{"0":{"loc":{"start":{"line":10,"column":8},"end":{"line":10,"column":37}},"type":"if","locations":[{"start":{"line":10,"column":8},"end":{"line":10,"column":37}},{"start":{"line":10,"column":8},"end":{"line":10,"column":37}}],"line":10}},"s":{"0":16,"1":16,"2":16,"3":16,"4":16,"5":0,"6":1},"f":{"0":16},"b":{"0":[0,16]},"_coverageSchema":"43e27e138ebf9cfc5966b082cf9a028302ed4184","hash":"77ad92c07c1bfda0faf2dc03f89abd1e713e0246","contentHash":"8d5a797c955f70d2be873a6d85275874"},"/Users/seandaryanani/bootcamp/collab/skylab-bootcamp-201809/staff/sean-daryanani/final-project/api/errors/value-error.js":{"path":"/Users/seandaryanani/bootcamp/collab/skylab-bootcamp-201809/staff/sean-daryanani/final-project/api/errors/value-error.js","statementMap":{"0":{"start":{"line":3,"column":8},"end":{"line":3,"column":15}},"1":{"start":{"line":5,"column":8},"end":{"line":5,"column":55}},"2":{"start":{"line":7,"column":8},"end":{"line":7,"column":32}},"3":{"start":{"line":8,"column":8},"end":{"line":8,"column":30}},"4":{"start":{"line":10,"column":8},"end":{"line":10,"column":37}},"5":{"start":{"line":10,"column":19},"end":{"line":10,"column":37}},"6":{"start":{"line":14,"column":0},"end":{"line":14,"column":27}}},"fnMap":{"0":{"name":"(anonymous_0)","decl":{"start":{"line":2,"column":4},"end":{"line":2,"column":5}},"loc":{"start":{"line":2,"column":32},"end":{"line":11,"column":5}},"line":2}},"branchMap":{"0":{"loc":{"start":{"line":10,"column":8},"end":{"line":10,"column":37}},"type":"if","locations":[{"start":{"line":10,"column":8},"end":{"line":10,"column":37}},{"start":{"line":10,"column":8},"end":{"line":10,"column":37}}],"line":10}},"s":{"0":14,"1":14,"2":14,"3":14,"4":14,"5":0,"6":1},"f":{"0":14},"b":{"0":[0,14]},"_coverageSchema":"43e27e138ebf9cfc5966b082cf9a028302ed4184","hash":"2ab0c581af828f1b3c546311dc10c339e38d2e65","contentHash":"60424adce6f41542c9357dccae934bf1"},"/Users/seandaryanani/bootcamp/collab/skylab-bootcamp-201809/staff/sean-daryanani/final-project/api/utils/validate.js":{"path":"/Users/seandaryanani/bootcamp/collab/skylab-bootcamp-201809/staff/sean-daryanani/final-project/api/utils/validate.js","statementMap":{"0":{"start":{"line":1,"column":23},"end":{"line":1,"column":43}},"1":{"start":{"line":4,"column":4},"end":{"line":25,"column":6}},"2":{"start":{"line":5,"column":8},"end":{"line":24,"column":9}},"3":{"start":{"line":7,"column":16},"end":{"line":7,"column":53}},"4":{"start":{"line":7,"column":48},"end":{"line":7,"column":53}},"5":{"start":{"line":9,"column":16},"end":{"line":9,"column":90}},"6":{"start":{"line":9,"column":47},"end":{"line":9,"column":90}},"7":{"start":{"line":11,"column":16},"end":{"line":11,"column":90}},"8":{"start":{"line":11,"column":42},"end":{"line":11,"column":90}},"9":{"start":{"line":13,"column":16},"end":{"line":13,"column":21}},"10":{"start":{"line":15,"column":16},"end":{"line":15,"column":53}},"11":{"start":{"line":15,"column":48},"end":{"line":15,"column":53}},"12":{"start":{"line":17,"column":16},"end":{"line":17,"column":92}},"13":{"start":{"line":17,"column":48},"end":{"line":17,"column":92}},"14":{"start":{"line":19,"column":16},"end":{"line":19,"column":21}},"15":{"start":{"line":21,"column":16},"end":{"line":21,"column":53}},"16":{"start":{"line":21,"column":48},"end":{"line":21,"column":53}},"17":{"start":{"line":23,"column":16},"end":{"line":23,"column":90}},"18":{"start":{"line":23,"column":47},"end":{"line":23,"column":90}},"19":{"start":{"line":28,"column":0},"end":{"line":28,"column":25}}},"fnMap":{"0":{"name":"validate","decl":{"start":{"line":3,"column":9},"end":{"line":3,"column":17}},"loc":{"start":{"line":3,"column":26},"end":{"line":26,"column":1}},"line":3},"1":{"name":"(anonymous_1)","decl":{"start":{"line":4,"column":19},"end":{"line":4,"column":20}},"loc":{"start":{"line":4,"column":55},"end":{"line":25,"column":5}},"line":4}},"branchMap":{"0":{"loc":{"start":{"line":5,"column":8},"end":{"line":24,"column":9}},"type":"switch","locations":[{"start":{"line":6,"column":12},"end":{"line":13,"column":21}},{"start":{"line":14,"column":12},"end":{"line":19,"column":21}},{"start":{"line":20,"column":12},"end":{"line":23,"column":90}}],"line":5},"1":{"loc":{"start":{"line":7,"column":16},"end":{"line":7,"column":53}},"type":"if","locations":[{"start":{"line":7,"column":16},"end":{"line":7,"column":53}},{"start":{"line":7,"column":16},"end":{"line":7,"column":53}}],"line":7},"2":{"loc":{"start":{"line":7,"column":20},"end":{"line":7,"column":46}},"type":"binary-expr","locations":[{"start":{"line":7,"column":20},"end":{"line":7,"column":28}},{"start":{"line":7,"column":32},"end":{"line":7,"column":46}}],"line":7},"3":{"loc":{"start":{"line":9,"column":16},"end":{"line":9,"column":90}},"type":"if","locations":[{"start":{"line":9,"column":16},"end":{"line":9,"column":90}},{"start":{"line":9,"column":16},"end":{"line":9,"column":90}}],"line":9},"4":{"loc":{"start":{"line":11,"column":16},"end":{"line":11,"column":90}},"type":"if","locations":[{"start":{"line":11,"column":16},"end":{"line":11,"column":90}},{"start":{"line":11,"column":16},"end":{"line":11,"column":90}}],"line":11},"5":{"loc":{"start":{"line":15,"column":16},"end":{"line":15,"column":53}},"type":"if","locations":[{"start":{"line":15,"column":16},"end":{"line":15,"column":53}},{"start":{"line":15,"column":16},"end":{"line":15,"column":53}}],"line":15},"6":{"loc":{"start":{"line":15,"column":20},"end":{"line":15,"column":46}},"type":"binary-expr","locations":[{"start":{"line":15,"column":20},"end":{"line":15,"column":28}},{"start":{"line":15,"column":32},"end":{"line":15,"column":46}}],"line":15},"7":{"loc":{"start":{"line":17,"column":16},"end":{"line":17,"column":92}},"type":"if","locations":[{"start":{"line":17,"column":16},"end":{"line":17,"column":92}},{"start":{"line":17,"column":16},"end":{"line":17,"column":92}}],"line":17},"8":{"loc":{"start":{"line":21,"column":16},"end":{"line":21,"column":53}},"type":"if","locations":[{"start":{"line":21,"column":16},"end":{"line":21,"column":53}},{"start":{"line":21,"column":16},"end":{"line":21,"column":53}}],"line":21},"9":{"loc":{"start":{"line":21,"column":20},"end":{"line":21,"column":46}},"type":"binary-expr","locations":[{"start":{"line":21,"column":20},"end":{"line":21,"column":28}},{"start":{"line":21,"column":32},"end":{"line":21,"column":46}}],"line":21},"10":{"loc":{"start":{"line":23,"column":16},"end":{"line":23,"column":90}},"type":"if","locations":[{"start":{"line":23,"column":16},"end":{"line":23,"column":90}},{"start":{"line":23,"column":16},"end":{"line":23,"column":90}}],"line":23}},"s":{"0":1,"1":9,"2":35,"3":30,"4":3,"5":27,"6":4,"7":23,"8":0,"9":23,"10":0,"11":0,"12":0,"13":0,"14":0,"15":0,"16":0,"17":0,"18":0,"19":1},"f":{"0":9,"1":35},"b":{"0":[30,0,0],"1":[3,27],"2":[30,21],"3":[4,23],"4":[0,23],"5":[0,0],"6":[0,0],"7":[0,0],"8":[0,0],"9":[0,0],"10":[0,0]},"_coverageSchema":"43e27e138ebf9cfc5966b082cf9a028302ed4184","hash":"c6f0de9ebf262b6fbef4505cb5111ebc0578382c","contentHash":"30dd8f6be6b301018f0969a9c03754eb"}}